ARM GAS  C:\Users\pearlstl\AppData\Local\Temp\ccT1t3cj.s 			page 1


   1              		.syntax unified
   2              		.cpu cortex-m3
   3              		.fpu softvfp
   4              		.eabi_attribute 20, 1
   5              		.eabi_attribute 21, 1
   6              		.eabi_attribute 23, 3
   7              		.eabi_attribute 24, 1
   8              		.eabi_attribute 25, 1
   9              		.eabi_attribute 26, 1
  10              		.eabi_attribute 30, 6
  11              		.eabi_attribute 34, 1
  12              		.eabi_attribute 18, 4
  13              		.thumb
  14              		.syntax unified
  15              		.file	"ADC_PM.c"
  16              		.text
  17              	.Ltext0:
  18              		.cfi_sections	.debug_frame
  19              		.bss
  20              		.align	2
  21              	ADC_backup:
  22 0000 00       		.space	1
  23              		.section	.text.ADC_SaveConfig,"ax",%progbits
  24              		.align	2
  25              		.global	ADC_SaveConfig
  26              		.thumb
  27              		.thumb_func
  28              		.type	ADC_SaveConfig, %function
  29              	ADC_SaveConfig:
  30              	.LFB0:
  31              		.file 1 "Generated_Source\\PSoC5\\ADC_PM.c"
   1:Generated_Source\PSoC5/ADC_PM.c **** /*******************************************************************************
   2:Generated_Source\PSoC5/ADC_PM.c **** * File Name: ADC_PM.c
   3:Generated_Source\PSoC5/ADC_PM.c **** * Version 3.10
   4:Generated_Source\PSoC5/ADC_PM.c **** *
   5:Generated_Source\PSoC5/ADC_PM.c **** * Description:
   6:Generated_Source\PSoC5/ADC_PM.c **** *  This file provides Sleep/WakeUp APIs functionality.
   7:Generated_Source\PSoC5/ADC_PM.c **** *
   8:Generated_Source\PSoC5/ADC_PM.c **** * Note:
   9:Generated_Source\PSoC5/ADC_PM.c **** *
  10:Generated_Source\PSoC5/ADC_PM.c **** ********************************************************************************
  11:Generated_Source\PSoC5/ADC_PM.c **** * Copyright 2008-2015, Cypress Semiconductor Corporation.  All rights reserved.
  12:Generated_Source\PSoC5/ADC_PM.c **** * You may use this file only in accordance with the license, terms, conditions,
  13:Generated_Source\PSoC5/ADC_PM.c **** * disclaimers, and limitations in the end user license agreement accompanying
  14:Generated_Source\PSoC5/ADC_PM.c **** * the software package with which this file was provided.
  15:Generated_Source\PSoC5/ADC_PM.c **** *******************************************************************************/
  16:Generated_Source\PSoC5/ADC_PM.c **** 
  17:Generated_Source\PSoC5/ADC_PM.c **** #include "ADC.h"
  18:Generated_Source\PSoC5/ADC_PM.c **** 
  19:Generated_Source\PSoC5/ADC_PM.c **** 
  20:Generated_Source\PSoC5/ADC_PM.c **** /***************************************
  21:Generated_Source\PSoC5/ADC_PM.c **** * Local data allocation
  22:Generated_Source\PSoC5/ADC_PM.c **** ***************************************/
  23:Generated_Source\PSoC5/ADC_PM.c **** 
  24:Generated_Source\PSoC5/ADC_PM.c **** static ADC_BACKUP_STRUCT  ADC_backup =
  25:Generated_Source\PSoC5/ADC_PM.c **** {
  26:Generated_Source\PSoC5/ADC_PM.c ****     ADC_DISABLED
ARM GAS  C:\Users\pearlstl\AppData\Local\Temp\ccT1t3cj.s 			page 2


  27:Generated_Source\PSoC5/ADC_PM.c **** };
  28:Generated_Source\PSoC5/ADC_PM.c **** 
  29:Generated_Source\PSoC5/ADC_PM.c **** 
  30:Generated_Source\PSoC5/ADC_PM.c **** /*******************************************************************************
  31:Generated_Source\PSoC5/ADC_PM.c **** * Function Name: ADC_SaveConfig
  32:Generated_Source\PSoC5/ADC_PM.c **** ********************************************************************************
  33:Generated_Source\PSoC5/ADC_PM.c **** *
  34:Generated_Source\PSoC5/ADC_PM.c **** * Summary:
  35:Generated_Source\PSoC5/ADC_PM.c **** *  Saves the current user configuration.
  36:Generated_Source\PSoC5/ADC_PM.c **** *
  37:Generated_Source\PSoC5/ADC_PM.c **** * Parameters:
  38:Generated_Source\PSoC5/ADC_PM.c **** *  None.
  39:Generated_Source\PSoC5/ADC_PM.c **** *
  40:Generated_Source\PSoC5/ADC_PM.c **** * Return:
  41:Generated_Source\PSoC5/ADC_PM.c **** *  None.
  42:Generated_Source\PSoC5/ADC_PM.c **** *
  43:Generated_Source\PSoC5/ADC_PM.c **** *******************************************************************************/
  44:Generated_Source\PSoC5/ADC_PM.c **** void ADC_SaveConfig(void)
  45:Generated_Source\PSoC5/ADC_PM.c **** {
  32              		.loc 1 45 0
  33              		.cfi_startproc
  34              		@ args = 0, pretend = 0, frame = 0
  35              		@ frame_needed = 1, uses_anonymous_args = 0
  36              		@ link register save eliminated.
  37 0000 80B4     		push	{r7}
  38              		.cfi_def_cfa_offset 4
  39              		.cfi_offset 7, -4
  40 0002 00AF     		add	r7, sp, #0
  41              		.cfi_def_cfa_register 7
  46:Generated_Source\PSoC5/ADC_PM.c ****     /* All configuration registers are marked as [reset_all_retention] */
  47:Generated_Source\PSoC5/ADC_PM.c **** }
  42              		.loc 1 47 0
  43 0004 00BF     		nop
  44 0006 BD46     		mov	sp, r7
  45              		.cfi_def_cfa_register 13
  46              		@ sp needed
  47 0008 80BC     		pop	{r7}
  48              		.cfi_restore 7
  49              		.cfi_def_cfa_offset 0
  50 000a 7047     		bx	lr
  51              		.cfi_endproc
  52              	.LFE0:
  53              		.size	ADC_SaveConfig, .-ADC_SaveConfig
  54              		.section	.text.ADC_RestoreConfig,"ax",%progbits
  55              		.align	2
  56              		.global	ADC_RestoreConfig
  57              		.thumb
  58              		.thumb_func
  59              		.type	ADC_RestoreConfig, %function
  60              	ADC_RestoreConfig:
  61              	.LFB1:
  48:Generated_Source\PSoC5/ADC_PM.c **** 
  49:Generated_Source\PSoC5/ADC_PM.c **** 
  50:Generated_Source\PSoC5/ADC_PM.c **** /*******************************************************************************
  51:Generated_Source\PSoC5/ADC_PM.c **** * Function Name: ADC_RestoreConfig
  52:Generated_Source\PSoC5/ADC_PM.c **** ********************************************************************************
  53:Generated_Source\PSoC5/ADC_PM.c **** *
ARM GAS  C:\Users\pearlstl\AppData\Local\Temp\ccT1t3cj.s 			page 3


  54:Generated_Source\PSoC5/ADC_PM.c **** * Summary:
  55:Generated_Source\PSoC5/ADC_PM.c **** *  Restores the current user configuration.
  56:Generated_Source\PSoC5/ADC_PM.c **** *
  57:Generated_Source\PSoC5/ADC_PM.c **** * Parameters:
  58:Generated_Source\PSoC5/ADC_PM.c **** *  None.
  59:Generated_Source\PSoC5/ADC_PM.c **** *
  60:Generated_Source\PSoC5/ADC_PM.c **** * Return:
  61:Generated_Source\PSoC5/ADC_PM.c **** *  None.
  62:Generated_Source\PSoC5/ADC_PM.c **** *
  63:Generated_Source\PSoC5/ADC_PM.c **** *******************************************************************************/
  64:Generated_Source\PSoC5/ADC_PM.c **** void ADC_RestoreConfig(void)
  65:Generated_Source\PSoC5/ADC_PM.c **** {
  62              		.loc 1 65 0
  63              		.cfi_startproc
  64              		@ args = 0, pretend = 0, frame = 0
  65              		@ frame_needed = 1, uses_anonymous_args = 0
  66              		@ link register save eliminated.
  67 0000 80B4     		push	{r7}
  68              		.cfi_def_cfa_offset 4
  69              		.cfi_offset 7, -4
  70 0002 00AF     		add	r7, sp, #0
  71              		.cfi_def_cfa_register 7
  66:Generated_Source\PSoC5/ADC_PM.c ****     /* All congiguration registers are marked as [reset_all_retention] */
  67:Generated_Source\PSoC5/ADC_PM.c **** }
  72              		.loc 1 67 0
  73 0004 00BF     		nop
  74 0006 BD46     		mov	sp, r7
  75              		.cfi_def_cfa_register 13
  76              		@ sp needed
  77 0008 80BC     		pop	{r7}
  78              		.cfi_restore 7
  79              		.cfi_def_cfa_offset 0
  80 000a 7047     		bx	lr
  81              		.cfi_endproc
  82              	.LFE1:
  83              		.size	ADC_RestoreConfig, .-ADC_RestoreConfig
  84              		.section	.text.ADC_Sleep,"ax",%progbits
  85              		.align	2
  86              		.global	ADC_Sleep
  87              		.thumb
  88              		.thumb_func
  89              		.type	ADC_Sleep, %function
  90              	ADC_Sleep:
  91              	.LFB2:
  68:Generated_Source\PSoC5/ADC_PM.c **** 
  69:Generated_Source\PSoC5/ADC_PM.c **** 
  70:Generated_Source\PSoC5/ADC_PM.c **** /*******************************************************************************
  71:Generated_Source\PSoC5/ADC_PM.c **** * Function Name: ADC_Sleep
  72:Generated_Source\PSoC5/ADC_PM.c **** ********************************************************************************
  73:Generated_Source\PSoC5/ADC_PM.c **** *
  74:Generated_Source\PSoC5/ADC_PM.c **** * Summary:
  75:Generated_Source\PSoC5/ADC_PM.c **** *  This is the preferred routine to prepare the component for sleep.
  76:Generated_Source\PSoC5/ADC_PM.c **** *  The ADC_Sleep() routine saves the current component state,
  77:Generated_Source\PSoC5/ADC_PM.c **** *  then it calls the ADC_Stop() function.
  78:Generated_Source\PSoC5/ADC_PM.c **** *
  79:Generated_Source\PSoC5/ADC_PM.c **** * Parameters:
  80:Generated_Source\PSoC5/ADC_PM.c **** *  None.
ARM GAS  C:\Users\pearlstl\AppData\Local\Temp\ccT1t3cj.s 			page 4


  81:Generated_Source\PSoC5/ADC_PM.c **** *
  82:Generated_Source\PSoC5/ADC_PM.c **** * Return:
  83:Generated_Source\PSoC5/ADC_PM.c **** *  None.
  84:Generated_Source\PSoC5/ADC_PM.c **** *
  85:Generated_Source\PSoC5/ADC_PM.c **** * Global Variables:
  86:Generated_Source\PSoC5/ADC_PM.c **** *  ADC_backup - The structure field 'enableState' is modified
  87:Generated_Source\PSoC5/ADC_PM.c **** *  depending on the enable state of the block before entering to sleep mode.
  88:Generated_Source\PSoC5/ADC_PM.c **** *
  89:Generated_Source\PSoC5/ADC_PM.c **** *******************************************************************************/
  90:Generated_Source\PSoC5/ADC_PM.c **** void ADC_Sleep(void)
  91:Generated_Source\PSoC5/ADC_PM.c **** {
  92              		.loc 1 91 0
  93              		.cfi_startproc
  94              		@ args = 0, pretend = 0, frame = 0
  95              		@ frame_needed = 1, uses_anonymous_args = 0
  96 0000 80B5     		push	{r7, lr}
  97              		.cfi_def_cfa_offset 8
  98              		.cfi_offset 7, -8
  99              		.cfi_offset 14, -4
 100 0002 00AF     		add	r7, sp, #0
 101              		.cfi_def_cfa_register 7
  92:Generated_Source\PSoC5/ADC_PM.c ****     if((ADC_PWRMGR_SAR_REG  & ADC_ACT_PWR_SAR_EN) != 0u)
 102              		.loc 1 92 0
 103 0004 0E4B     		ldr	r3, .L9
 104 0006 1B78     		ldrb	r3, [r3]
 105 0008 DBB2     		uxtb	r3, r3
 106 000a 03F00103 		and	r3, r3, #1
 107 000e 002B     		cmp	r3, #0
 108 0010 10D0     		beq	.L4
  93:Generated_Source\PSoC5/ADC_PM.c ****     {
  94:Generated_Source\PSoC5/ADC_PM.c ****         if((ADC_SAR_CSR0_REG & ADC_SAR_SOF_START_CONV) != 0u)
 109              		.loc 1 94 0
 110 0012 0C4B     		ldr	r3, .L9+4
 111 0014 1B78     		ldrb	r3, [r3]
 112 0016 DBB2     		uxtb	r3, r3
 113 0018 03F00103 		and	r3, r3, #1
 114 001c 002B     		cmp	r3, #0
 115 001e 03D0     		beq	.L5
  95:Generated_Source\PSoC5/ADC_PM.c ****         {
  96:Generated_Source\PSoC5/ADC_PM.c ****             ADC_backup.enableState = ADC_ENABLED | ADC_STARTED;
 116              		.loc 1 96 0
 117 0020 094B     		ldr	r3, .L9+8
 118 0022 0322     		movs	r2, #3
 119 0024 1A70     		strb	r2, [r3]
 120 0026 02E0     		b	.L6
 121              	.L5:
  97:Generated_Source\PSoC5/ADC_PM.c ****         }
  98:Generated_Source\PSoC5/ADC_PM.c ****         else
  99:Generated_Source\PSoC5/ADC_PM.c ****         {
 100:Generated_Source\PSoC5/ADC_PM.c ****             ADC_backup.enableState = ADC_ENABLED;
 122              		.loc 1 100 0
 123 0028 074B     		ldr	r3, .L9+8
 124 002a 0122     		movs	r2, #1
 125 002c 1A70     		strb	r2, [r3]
 126              	.L6:
 101:Generated_Source\PSoC5/ADC_PM.c ****         }
 102:Generated_Source\PSoC5/ADC_PM.c ****         ADC_Stop();
ARM GAS  C:\Users\pearlstl\AppData\Local\Temp\ccT1t3cj.s 			page 5


 127              		.loc 1 102 0
 128 002e FFF7FEFF 		bl	ADC_Stop
 103:Generated_Source\PSoC5/ADC_PM.c ****     }
 104:Generated_Source\PSoC5/ADC_PM.c ****     else
 105:Generated_Source\PSoC5/ADC_PM.c ****     {
 106:Generated_Source\PSoC5/ADC_PM.c ****         ADC_backup.enableState = ADC_DISABLED;
 107:Generated_Source\PSoC5/ADC_PM.c ****     }
 108:Generated_Source\PSoC5/ADC_PM.c **** }
 129              		.loc 1 108 0
 130 0032 02E0     		b	.L8
 131              	.L4:
 106:Generated_Source\PSoC5/ADC_PM.c ****     }
 132              		.loc 1 106 0
 133 0034 044B     		ldr	r3, .L9+8
 134 0036 0022     		movs	r2, #0
 135 0038 1A70     		strb	r2, [r3]
 136              	.L8:
 137              		.loc 1 108 0
 138 003a 00BF     		nop
 139 003c 80BD     		pop	{r7, pc}
 140              	.L10:
 141 003e 00BF     		.align	2
 142              	.L9:
 143 0040 AB430040 		.word	1073759147
 144 0044 00590040 		.word	1073764608
 145 0048 00000000 		.word	ADC_backup
 146              		.cfi_endproc
 147              	.LFE2:
 148              		.size	ADC_Sleep, .-ADC_Sleep
 149              		.section	.text.ADC_Wakeup,"ax",%progbits
 150              		.align	2
 151              		.global	ADC_Wakeup
 152              		.thumb
 153              		.thumb_func
 154              		.type	ADC_Wakeup, %function
 155              	ADC_Wakeup:
 156              	.LFB3:
 109:Generated_Source\PSoC5/ADC_PM.c **** 
 110:Generated_Source\PSoC5/ADC_PM.c **** 
 111:Generated_Source\PSoC5/ADC_PM.c **** /*******************************************************************************
 112:Generated_Source\PSoC5/ADC_PM.c **** * Function Name: ADC_Wakeup
 113:Generated_Source\PSoC5/ADC_PM.c **** ********************************************************************************
 114:Generated_Source\PSoC5/ADC_PM.c **** *
 115:Generated_Source\PSoC5/ADC_PM.c **** * Summary:
 116:Generated_Source\PSoC5/ADC_PM.c **** *  This is the preferred routine to restore the component to the state when
 117:Generated_Source\PSoC5/ADC_PM.c **** *  ADC_Sleep() was called. If the component was enabled before the
 118:Generated_Source\PSoC5/ADC_PM.c **** *  ADC_Sleep() function was called, the
 119:Generated_Source\PSoC5/ADC_PM.c **** *  ADC_Wakeup() function also re-enables the component.
 120:Generated_Source\PSoC5/ADC_PM.c **** *
 121:Generated_Source\PSoC5/ADC_PM.c **** * Parameters:
 122:Generated_Source\PSoC5/ADC_PM.c **** *  None.
 123:Generated_Source\PSoC5/ADC_PM.c **** *
 124:Generated_Source\PSoC5/ADC_PM.c **** * Return:
 125:Generated_Source\PSoC5/ADC_PM.c **** *  None.
 126:Generated_Source\PSoC5/ADC_PM.c **** *
 127:Generated_Source\PSoC5/ADC_PM.c **** * Global Variables:
 128:Generated_Source\PSoC5/ADC_PM.c **** *  ADC_backup - The structure field 'enableState' is used to
ARM GAS  C:\Users\pearlstl\AppData\Local\Temp\ccT1t3cj.s 			page 6


 129:Generated_Source\PSoC5/ADC_PM.c **** *  restore the enable state of block after wakeup from sleep mode.
 130:Generated_Source\PSoC5/ADC_PM.c **** *
 131:Generated_Source\PSoC5/ADC_PM.c **** *******************************************************************************/
 132:Generated_Source\PSoC5/ADC_PM.c **** void ADC_Wakeup(void)
 133:Generated_Source\PSoC5/ADC_PM.c **** {
 157              		.loc 1 133 0
 158              		.cfi_startproc
 159              		@ args = 0, pretend = 0, frame = 0
 160              		@ frame_needed = 1, uses_anonymous_args = 0
 161 0000 80B5     		push	{r7, lr}
 162              		.cfi_def_cfa_offset 8
 163              		.cfi_offset 7, -8
 164              		.cfi_offset 14, -4
 165 0002 00AF     		add	r7, sp, #0
 166              		.cfi_def_cfa_register 7
 134:Generated_Source\PSoC5/ADC_PM.c ****     if(ADC_backup.enableState != ADC_DISABLED)
 167              		.loc 1 134 0
 168 0004 034B     		ldr	r3, .L14
 169 0006 1B78     		ldrb	r3, [r3]	@ zero_extendqisi2
 170 0008 002B     		cmp	r3, #0
 171 000a 01D0     		beq	.L13
 135:Generated_Source\PSoC5/ADC_PM.c ****     {
 136:Generated_Source\PSoC5/ADC_PM.c ****         ADC_Enable();
 172              		.loc 1 136 0
 173 000c FFF7FEFF 		bl	ADC_Enable
 174              	.L13:
 137:Generated_Source\PSoC5/ADC_PM.c ****         #if(ADC_DEFAULT_CONV_MODE != ADC__HARDWARE_TRIGGER)
 138:Generated_Source\PSoC5/ADC_PM.c ****             if((ADC_backup.enableState & ADC_STARTED) != 0u)
 139:Generated_Source\PSoC5/ADC_PM.c ****             {
 140:Generated_Source\PSoC5/ADC_PM.c ****                 ADC_StartConvert();
 141:Generated_Source\PSoC5/ADC_PM.c ****             }
 142:Generated_Source\PSoC5/ADC_PM.c ****         #endif /* End ADC_DEFAULT_CONV_MODE != ADC__HARDWARE_TRIGGER */
 143:Generated_Source\PSoC5/ADC_PM.c ****     }
 144:Generated_Source\PSoC5/ADC_PM.c **** }
 175              		.loc 1 144 0
 176 0010 00BF     		nop
 177 0012 80BD     		pop	{r7, pc}
 178              	.L15:
 179              		.align	2
 180              	.L14:
 181 0014 00000000 		.word	ADC_backup
 182              		.cfi_endproc
 183              	.LFE3:
 184              		.size	ADC_Wakeup, .-ADC_Wakeup
 185              		.text
 186              	.Letext0:
 187              		.file 2 "Generated_Source\\PSoC5\\cytypes.h"
 188              		.file 3 "Generated_Source\\PSoC5\\ADC.h"
 189              		.section	.debug_info,"",%progbits
 190              	.Ldebug_info0:
 191 0000 0F010000 		.4byte	0x10f
 192 0004 0400     		.2byte	0x4
 193 0006 00000000 		.4byte	.Ldebug_abbrev0
 194 000a 04       		.byte	0x4
 195 000b 01       		.uleb128 0x1
 196 000c 0B000000 		.4byte	.LASF19
 197 0010 0C       		.byte	0xc
ARM GAS  C:\Users\pearlstl\AppData\Local\Temp\ccT1t3cj.s 			page 7


 198 0011 E1010000 		.4byte	.LASF20
 199 0015 52010000 		.4byte	.LASF21
 200 0019 00000000 		.4byte	.Ldebug_ranges0+0
 201 001d 00000000 		.4byte	0
 202 0021 00000000 		.4byte	.Ldebug_line0
 203 0025 02       		.uleb128 0x2
 204 0026 01       		.byte	0x1
 205 0027 06       		.byte	0x6
 206 0028 CA010000 		.4byte	.LASF0
 207 002c 02       		.uleb128 0x2
 208 002d 01       		.byte	0x1
 209 002e 08       		.byte	0x8
 210 002f AE000000 		.4byte	.LASF1
 211 0033 02       		.uleb128 0x2
 212 0034 02       		.byte	0x2
 213 0035 05       		.byte	0x5
 214 0036 A5010000 		.4byte	.LASF2
 215 003a 02       		.uleb128 0x2
 216 003b 02       		.byte	0x2
 217 003c 07       		.byte	0x7
 218 003d D3000000 		.4byte	.LASF3
 219 0041 02       		.uleb128 0x2
 220 0042 04       		.byte	0x4
 221 0043 05       		.byte	0x5
 222 0044 B5010000 		.4byte	.LASF4
 223 0048 02       		.uleb128 0x2
 224 0049 04       		.byte	0x4
 225 004a 07       		.byte	0x7
 226 004b C1000000 		.4byte	.LASF5
 227 004f 02       		.uleb128 0x2
 228 0050 08       		.byte	0x8
 229 0051 05       		.byte	0x5
 230 0052 2D010000 		.4byte	.LASF6
 231 0056 02       		.uleb128 0x2
 232 0057 08       		.byte	0x8
 233 0058 07       		.byte	0x7
 234 0059 04010000 		.4byte	.LASF7
 235 005d 03       		.uleb128 0x3
 236 005e 04       		.byte	0x4
 237 005f 05       		.byte	0x5
 238 0060 696E7400 		.ascii	"int\000"
 239 0064 02       		.uleb128 0x2
 240 0065 04       		.byte	0x4
 241 0066 07       		.byte	0x7
 242 0067 F7000000 		.4byte	.LASF8
 243 006b 04       		.uleb128 0x4
 244 006c AF010000 		.4byte	.LASF12
 245 0070 02       		.byte	0x2
 246 0071 E401     		.2byte	0x1e4
 247 0073 2C000000 		.4byte	0x2c
 248 0077 02       		.uleb128 0x2
 249 0078 04       		.byte	0x4
 250 0079 04       		.byte	0x4
 251 007a A8000000 		.4byte	.LASF9
 252 007e 02       		.uleb128 0x2
 253 007f 08       		.byte	0x8
 254 0080 04       		.byte	0x4
ARM GAS  C:\Users\pearlstl\AppData\Local\Temp\ccT1t3cj.s 			page 8


 255 0081 F0000000 		.4byte	.LASF10
 256 0085 02       		.uleb128 0x2
 257 0086 01       		.byte	0x1
 258 0087 08       		.byte	0x8
 259 0088 4D010000 		.4byte	.LASF11
 260 008c 04       		.uleb128 0x4
 261 008d BC000000 		.4byte	.LASF13
 262 0091 02       		.byte	0x2
 263 0092 8E02     		.2byte	0x28e
 264 0094 98000000 		.4byte	0x98
 265 0098 05       		.uleb128 0x5
 266 0099 6B000000 		.4byte	0x6b
 267 009d 06       		.uleb128 0x6
 268 009e 01       		.byte	0x1
 269 009f 03       		.byte	0x3
 270 00a0 2A       		.byte	0x2a
 271 00a1 B2000000 		.4byte	0xb2
 272 00a5 07       		.uleb128 0x7
 273 00a6 BE010000 		.4byte	.LASF22
 274 00aa 03       		.byte	0x3
 275 00ab 2C       		.byte	0x2c
 276 00ac 6B000000 		.4byte	0x6b
 277 00b0 00       		.byte	0
 278 00b1 00       		.byte	0
 279 00b2 08       		.uleb128 0x8
 280 00b3 3B010000 		.4byte	.LASF14
 281 00b7 03       		.byte	0x3
 282 00b8 2D       		.byte	0x2d
 283 00b9 9D000000 		.4byte	0x9d
 284 00bd 09       		.uleb128 0x9
 285 00be 99000000 		.4byte	.LASF15
 286 00c2 01       		.byte	0x1
 287 00c3 2C       		.byte	0x2c
 288 00c4 00000000 		.4byte	.LFB0
 289 00c8 0C000000 		.4byte	.LFE0-.LFB0
 290 00cc 01       		.uleb128 0x1
 291 00cd 9C       		.byte	0x9c
 292 00ce 09       		.uleb128 0x9
 293 00cf 1B010000 		.4byte	.LASF16
 294 00d3 01       		.byte	0x1
 295 00d4 40       		.byte	0x40
 296 00d5 00000000 		.4byte	.LFB1
 297 00d9 0C000000 		.4byte	.LFE1-.LFB1
 298 00dd 01       		.uleb128 0x1
 299 00de 9C       		.byte	0x9c
 300 00df 0A       		.uleb128 0xa
 301 00e0 E6000000 		.4byte	.LASF17
 302 00e4 01       		.byte	0x1
 303 00e5 5A       		.byte	0x5a
 304 00e6 00000000 		.4byte	.LFB2
 305 00ea 4C000000 		.4byte	.LFE2-.LFB2
 306 00ee 01       		.uleb128 0x1
 307 00ef 9C       		.byte	0x9c
 308 00f0 0A       		.uleb128 0xa
 309 00f1 00000000 		.4byte	.LASF18
 310 00f5 01       		.byte	0x1
 311 00f6 84       		.byte	0x84
ARM GAS  C:\Users\pearlstl\AppData\Local\Temp\ccT1t3cj.s 			page 9


 312 00f7 00000000 		.4byte	.LFB3
 313 00fb 18000000 		.4byte	.LFE3-.LFB3
 314 00ff 01       		.uleb128 0x1
 315 0100 9C       		.byte	0x9c
 316 0101 0B       		.uleb128 0xb
 317 0102 D6010000 		.4byte	.LASF23
 318 0106 01       		.byte	0x1
 319 0107 18       		.byte	0x18
 320 0108 B2000000 		.4byte	0xb2
 321 010c 05       		.uleb128 0x5
 322 010d 03       		.byte	0x3
 323 010e 00000000 		.4byte	ADC_backup
 324 0112 00       		.byte	0
 325              		.section	.debug_abbrev,"",%progbits
 326              	.Ldebug_abbrev0:
 327 0000 01       		.uleb128 0x1
 328 0001 11       		.uleb128 0x11
 329 0002 01       		.byte	0x1
 330 0003 25       		.uleb128 0x25
 331 0004 0E       		.uleb128 0xe
 332 0005 13       		.uleb128 0x13
 333 0006 0B       		.uleb128 0xb
 334 0007 03       		.uleb128 0x3
 335 0008 0E       		.uleb128 0xe
 336 0009 1B       		.uleb128 0x1b
 337 000a 0E       		.uleb128 0xe
 338 000b 55       		.uleb128 0x55
 339 000c 17       		.uleb128 0x17
 340 000d 11       		.uleb128 0x11
 341 000e 01       		.uleb128 0x1
 342 000f 10       		.uleb128 0x10
 343 0010 17       		.uleb128 0x17
 344 0011 00       		.byte	0
 345 0012 00       		.byte	0
 346 0013 02       		.uleb128 0x2
 347 0014 24       		.uleb128 0x24
 348 0015 00       		.byte	0
 349 0016 0B       		.uleb128 0xb
 350 0017 0B       		.uleb128 0xb
 351 0018 3E       		.uleb128 0x3e
 352 0019 0B       		.uleb128 0xb
 353 001a 03       		.uleb128 0x3
 354 001b 0E       		.uleb128 0xe
 355 001c 00       		.byte	0
 356 001d 00       		.byte	0
 357 001e 03       		.uleb128 0x3
 358 001f 24       		.uleb128 0x24
 359 0020 00       		.byte	0
 360 0021 0B       		.uleb128 0xb
 361 0022 0B       		.uleb128 0xb
 362 0023 3E       		.uleb128 0x3e
 363 0024 0B       		.uleb128 0xb
 364 0025 03       		.uleb128 0x3
 365 0026 08       		.uleb128 0x8
 366 0027 00       		.byte	0
 367 0028 00       		.byte	0
 368 0029 04       		.uleb128 0x4
ARM GAS  C:\Users\pearlstl\AppData\Local\Temp\ccT1t3cj.s 			page 10


 369 002a 16       		.uleb128 0x16
 370 002b 00       		.byte	0
 371 002c 03       		.uleb128 0x3
 372 002d 0E       		.uleb128 0xe
 373 002e 3A       		.uleb128 0x3a
 374 002f 0B       		.uleb128 0xb
 375 0030 3B       		.uleb128 0x3b
 376 0031 05       		.uleb128 0x5
 377 0032 49       		.uleb128 0x49
 378 0033 13       		.uleb128 0x13
 379 0034 00       		.byte	0
 380 0035 00       		.byte	0
 381 0036 05       		.uleb128 0x5
 382 0037 35       		.uleb128 0x35
 383 0038 00       		.byte	0
 384 0039 49       		.uleb128 0x49
 385 003a 13       		.uleb128 0x13
 386 003b 00       		.byte	0
 387 003c 00       		.byte	0
 388 003d 06       		.uleb128 0x6
 389 003e 13       		.uleb128 0x13
 390 003f 01       		.byte	0x1
 391 0040 0B       		.uleb128 0xb
 392 0041 0B       		.uleb128 0xb
 393 0042 3A       		.uleb128 0x3a
 394 0043 0B       		.uleb128 0xb
 395 0044 3B       		.uleb128 0x3b
 396 0045 0B       		.uleb128 0xb
 397 0046 01       		.uleb128 0x1
 398 0047 13       		.uleb128 0x13
 399 0048 00       		.byte	0
 400 0049 00       		.byte	0
 401 004a 07       		.uleb128 0x7
 402 004b 0D       		.uleb128 0xd
 403 004c 00       		.byte	0
 404 004d 03       		.uleb128 0x3
 405 004e 0E       		.uleb128 0xe
 406 004f 3A       		.uleb128 0x3a
 407 0050 0B       		.uleb128 0xb
 408 0051 3B       		.uleb128 0x3b
 409 0052 0B       		.uleb128 0xb
 410 0053 49       		.uleb128 0x49
 411 0054 13       		.uleb128 0x13
 412 0055 38       		.uleb128 0x38
 413 0056 0B       		.uleb128 0xb
 414 0057 00       		.byte	0
 415 0058 00       		.byte	0
 416 0059 08       		.uleb128 0x8
 417 005a 16       		.uleb128 0x16
 418 005b 00       		.byte	0
 419 005c 03       		.uleb128 0x3
 420 005d 0E       		.uleb128 0xe
 421 005e 3A       		.uleb128 0x3a
 422 005f 0B       		.uleb128 0xb
 423 0060 3B       		.uleb128 0x3b
 424 0061 0B       		.uleb128 0xb
 425 0062 49       		.uleb128 0x49
ARM GAS  C:\Users\pearlstl\AppData\Local\Temp\ccT1t3cj.s 			page 11


 426 0063 13       		.uleb128 0x13
 427 0064 00       		.byte	0
 428 0065 00       		.byte	0
 429 0066 09       		.uleb128 0x9
 430 0067 2E       		.uleb128 0x2e
 431 0068 00       		.byte	0
 432 0069 3F       		.uleb128 0x3f
 433 006a 19       		.uleb128 0x19
 434 006b 03       		.uleb128 0x3
 435 006c 0E       		.uleb128 0xe
 436 006d 3A       		.uleb128 0x3a
 437 006e 0B       		.uleb128 0xb
 438 006f 3B       		.uleb128 0x3b
 439 0070 0B       		.uleb128 0xb
 440 0071 27       		.uleb128 0x27
 441 0072 19       		.uleb128 0x19
 442 0073 11       		.uleb128 0x11
 443 0074 01       		.uleb128 0x1
 444 0075 12       		.uleb128 0x12
 445 0076 06       		.uleb128 0x6
 446 0077 40       		.uleb128 0x40
 447 0078 18       		.uleb128 0x18
 448 0079 9742     		.uleb128 0x2117
 449 007b 19       		.uleb128 0x19
 450 007c 00       		.byte	0
 451 007d 00       		.byte	0
 452 007e 0A       		.uleb128 0xa
 453 007f 2E       		.uleb128 0x2e
 454 0080 00       		.byte	0
 455 0081 3F       		.uleb128 0x3f
 456 0082 19       		.uleb128 0x19
 457 0083 03       		.uleb128 0x3
 458 0084 0E       		.uleb128 0xe
 459 0085 3A       		.uleb128 0x3a
 460 0086 0B       		.uleb128 0xb
 461 0087 3B       		.uleb128 0x3b
 462 0088 0B       		.uleb128 0xb
 463 0089 27       		.uleb128 0x27
 464 008a 19       		.uleb128 0x19
 465 008b 11       		.uleb128 0x11
 466 008c 01       		.uleb128 0x1
 467 008d 12       		.uleb128 0x12
 468 008e 06       		.uleb128 0x6
 469 008f 40       		.uleb128 0x40
 470 0090 18       		.uleb128 0x18
 471 0091 9642     		.uleb128 0x2116
 472 0093 19       		.uleb128 0x19
 473 0094 00       		.byte	0
 474 0095 00       		.byte	0
 475 0096 0B       		.uleb128 0xb
 476 0097 34       		.uleb128 0x34
 477 0098 00       		.byte	0
 478 0099 03       		.uleb128 0x3
 479 009a 0E       		.uleb128 0xe
 480 009b 3A       		.uleb128 0x3a
 481 009c 0B       		.uleb128 0xb
 482 009d 3B       		.uleb128 0x3b
ARM GAS  C:\Users\pearlstl\AppData\Local\Temp\ccT1t3cj.s 			page 12


 483 009e 0B       		.uleb128 0xb
 484 009f 49       		.uleb128 0x49
 485 00a0 13       		.uleb128 0x13
 486 00a1 02       		.uleb128 0x2
 487 00a2 18       		.uleb128 0x18
 488 00a3 00       		.byte	0
 489 00a4 00       		.byte	0
 490 00a5 00       		.byte	0
 491              		.section	.debug_aranges,"",%progbits
 492 0000 34000000 		.4byte	0x34
 493 0004 0200     		.2byte	0x2
 494 0006 00000000 		.4byte	.Ldebug_info0
 495 000a 04       		.byte	0x4
 496 000b 00       		.byte	0
 497 000c 0000     		.2byte	0
 498 000e 0000     		.2byte	0
 499 0010 00000000 		.4byte	.LFB0
 500 0014 0C000000 		.4byte	.LFE0-.LFB0
 501 0018 00000000 		.4byte	.LFB1
 502 001c 0C000000 		.4byte	.LFE1-.LFB1
 503 0020 00000000 		.4byte	.LFB2
 504 0024 4C000000 		.4byte	.LFE2-.LFB2
 505 0028 00000000 		.4byte	.LFB3
 506 002c 18000000 		.4byte	.LFE3-.LFB3
 507 0030 00000000 		.4byte	0
 508 0034 00000000 		.4byte	0
 509              		.section	.debug_ranges,"",%progbits
 510              	.Ldebug_ranges0:
 511 0000 00000000 		.4byte	.LFB0
 512 0004 0C000000 		.4byte	.LFE0
 513 0008 00000000 		.4byte	.LFB1
 514 000c 0C000000 		.4byte	.LFE1
 515 0010 00000000 		.4byte	.LFB2
 516 0014 4C000000 		.4byte	.LFE2
 517 0018 00000000 		.4byte	.LFB3
 518 001c 18000000 		.4byte	.LFE3
 519 0020 00000000 		.4byte	0
 520 0024 00000000 		.4byte	0
 521              		.section	.debug_line,"",%progbits
 522              	.Ldebug_line0:
 523 0000 9E000000 		.section	.debug_str,"MS",%progbits,1
 523      02004C00 
 523      00000201 
 523      FB0E0D00 
 523      01010101 
 524              	.LASF18:
 525 0000 4144435F 		.ascii	"ADC_Wakeup\000"
 525      57616B65 
 525      757000
 526              	.LASF19:
 527 000b 474E5520 		.ascii	"GNU C11 5.4.1 20160609 (release) [ARM/embedded-5-br"
 527      43313120 
 527      352E342E 
 527      31203230 
 527      31363036 
 528 003e 616E6368 		.ascii	"anch revision 237715] -mcpu=cortex-m3 -mthumb -g -O"
 528      20726576 
ARM GAS  C:\Users\pearlstl\AppData\Local\Temp\ccT1t3cj.s 			page 13


 528      6973696F 
 528      6E203233 
 528      37373135 
 529 0071 30202D66 		.ascii	"0 -ffunction-sections -ffat-lto-objects\000"
 529      66756E63 
 529      74696F6E 
 529      2D736563 
 529      74696F6E 
 530              	.LASF15:
 531 0099 4144435F 		.ascii	"ADC_SaveConfig\000"
 531      53617665 
 531      436F6E66 
 531      696700
 532              	.LASF9:
 533 00a8 666C6F61 		.ascii	"float\000"
 533      7400
 534              	.LASF1:
 535 00ae 756E7369 		.ascii	"unsigned char\000"
 535      676E6564 
 535      20636861 
 535      7200
 536              	.LASF13:
 537 00bc 72656738 		.ascii	"reg8\000"
 537      00
 538              	.LASF5:
 539 00c1 6C6F6E67 		.ascii	"long unsigned int\000"
 539      20756E73 
 539      69676E65 
 539      6420696E 
 539      7400
 540              	.LASF3:
 541 00d3 73686F72 		.ascii	"short unsigned int\000"
 541      7420756E 
 541      7369676E 
 541      65642069 
 541      6E7400
 542              	.LASF17:
 543 00e6 4144435F 		.ascii	"ADC_Sleep\000"
 543      536C6565 
 543      7000
 544              	.LASF10:
 545 00f0 646F7562 		.ascii	"double\000"
 545      6C6500
 546              	.LASF8:
 547 00f7 756E7369 		.ascii	"unsigned int\000"
 547      676E6564 
 547      20696E74 
 547      00
 548              	.LASF7:
 549 0104 6C6F6E67 		.ascii	"long long unsigned int\000"
 549      206C6F6E 
 549      6720756E 
 549      7369676E 
 549      65642069 
 550              	.LASF16:
 551 011b 4144435F 		.ascii	"ADC_RestoreConfig\000"
 551      52657374 
ARM GAS  C:\Users\pearlstl\AppData\Local\Temp\ccT1t3cj.s 			page 14


 551      6F726543 
 551      6F6E6669 
 551      6700
 552              	.LASF6:
 553 012d 6C6F6E67 		.ascii	"long long int\000"
 553      206C6F6E 
 553      6720696E 
 553      7400
 554              	.LASF14:
 555 013b 4144435F 		.ascii	"ADC_BACKUP_STRUCT\000"
 555      4241434B 
 555      55505F53 
 555      54525543 
 555      5400
 556              	.LASF11:
 557 014d 63686172 		.ascii	"char\000"
 557      00
 558              	.LASF21:
 559 0152 433A5C55 		.ascii	"C:\\Users\\pearlstl\\Documents\\PSoC Creator\\fa20_"
 559      73657273 
 559      5C706561 
 559      726C7374 
 559      6C5C446F 
 560 0180 6932735F 		.ascii	"i2s_streamer\\fa20_i2s_streamer.cydsn\000"
 560      73747265 
 560      616D6572 
 560      5C666132 
 560      305F6932 
 561              	.LASF2:
 562 01a5 73686F72 		.ascii	"short int\000"
 562      7420696E 
 562      7400
 563              	.LASF12:
 564 01af 75696E74 		.ascii	"uint8\000"
 564      3800
 565              	.LASF4:
 566 01b5 6C6F6E67 		.ascii	"long int\000"
 566      20696E74 
 566      00
 567              	.LASF22:
 568 01be 656E6162 		.ascii	"enableState\000"
 568      6C655374 
 568      61746500 
 569              	.LASF0:
 570 01ca 7369676E 		.ascii	"signed char\000"
 570      65642063 
 570      68617200 
 571              	.LASF23:
 572 01d6 4144435F 		.ascii	"ADC_backup\000"
 572      6261636B 
 572      757000
 573              	.LASF20:
 574 01e1 47656E65 		.ascii	"Generated_Source\\PSoC5\\ADC_PM.c\000"
 574      72617465 
 574      645F536F 
 574      75726365 
 574      5C50536F 
ARM GAS  C:\Users\pearlstl\AppData\Local\Temp\ccT1t3cj.s 			page 15


 575              		.ident	"GCC: (GNU Tools for ARM Embedded Processors) 5.4.1 20160609 (release) [ARM/embedded-5-bran
