ARM GAS  C:\Users\pearlstl\AppData\Local\Temp\ccPrd5ek.s 			page 1


   1              		.syntax unified
   2              		.cpu cortex-m3
   3              		.fpu softvfp
   4              		.eabi_attribute 20, 1
   5              		.eabi_attribute 21, 1
   6              		.eabi_attribute 23, 3
   7              		.eabi_attribute 24, 1
   8              		.eabi_attribute 25, 1
   9              		.eabi_attribute 26, 1
  10              		.eabi_attribute 30, 6
  11              		.eabi_attribute 34, 1
  12              		.eabi_attribute 18, 4
  13              		.thumb
  14              		.syntax unified
  15              		.file	"cymetadata.c"
  16              		.text
  17              	.Ltext0:
  18              		.cfi_sections	.debug_frame
  19              		.global	cy_meta_configecc
  20              		.section	.cyconfigecc,"a",%progbits
  21              		.align	2
  22              		.type	cy_meta_configecc, %object
  23              		.size	cy_meta_configecc, 840
  24              	cy_meta_configecc:
  25 0000 03       		.byte	3
  26 0001 52       		.byte	82
  27 0002 00       		.byte	0
  28 0003 40       		.byte	64
  29 0004 01       		.byte	1
  30 0005 5A       		.byte	90
  31 0006 00       		.byte	0
  32 0007 40       		.byte	64
  33 0008 01       		.byte	1
  34 0009 64       		.byte	100
  35 000a 00       		.byte	0
  36 000b 40       		.byte	64
  37 000c 4F       		.byte	79
  38 000d 00       		.byte	0
  39 000e 01       		.byte	1
  40 000f 40       		.byte	64
  41 0010 39       		.byte	57
  42 0011 01       		.byte	1
  43 0012 01       		.byte	1
  44 0013 40       		.byte	64
  45 0014 1C       		.byte	28
  46 0015 02       		.byte	2
  47 0016 01       		.byte	1
  48 0017 40       		.byte	64
  49 0018 42       		.byte	66
  50 0019 03       		.byte	3
  51 001a 01       		.byte	1
  52 001b 40       		.byte	64
  53 001c 01       		.byte	1
  54 001d 05       		.byte	5
  55 001e 01       		.byte	1
  56 001f 40       		.byte	64
  57 0020 01       		.byte	1
ARM GAS  C:\Users\pearlstl\AppData\Local\Temp\ccPrd5ek.s 			page 2


  58 0021 0B       		.byte	11
  59 0022 01       		.byte	1
  60 0023 40       		.byte	64
  61 0024 02       		.byte	2
  62 0025 0D       		.byte	13
  63 0026 01       		.byte	1
  64 0027 40       		.byte	64
  65 0028 0A       		.byte	10
  66 0029 40       		.byte	64
  67 002a 01       		.byte	1
  68 002b 40       		.byte	64
  69 002c 0F       		.byte	15
  70 002d 41       		.byte	65
  71 002e 01       		.byte	1
  72 002f 40       		.byte	64
  73 0030 04       		.byte	4
  74 0031 44       		.byte	68
  75 0032 01       		.byte	1
  76 0033 40       		.byte	64
  77 0034 06       		.byte	6
  78 0035 45       		.byte	69
  79 0036 01       		.byte	1
  80 0037 40       		.byte	64
  81 0038 09       		.byte	9
  82 0039 46       		.byte	70
  83 003a 01       		.byte	1
  84 003b 40       		.byte	64
  85 003c 03       		.byte	3
  86 003d 47       		.byte	71
  87 003e 01       		.byte	1
  88 003f 40       		.byte	64
  89 0040 02       		.byte	2
  90 0041 50       		.byte	80
  91 0042 01       		.byte	1
  92 0043 40       		.byte	64
  93 0044 01       		.byte	1
  94 0045 51       		.byte	81
  95 0046 01       		.byte	1
  96 0047 40       		.byte	64
  97 0048 00       		.byte	0
  98 0049 01       		.byte	1
  99 004a 01       		.byte	1
 100 004b 04       		.byte	4
 101 004c 60       		.byte	96
 102 004d 20       		.byte	32
 103 004e 97       		.byte	-105
 104 004f 01       		.byte	1
 105 0050 83       		.byte	-125
 106 0051 3F       		.byte	63
 107 0052 00       		.byte	0
 108 0053 79       		.byte	121
 109 0054 02       		.byte	2
 110 0055 04       		.byte	4
 111 0056 04       		.byte	4
 112 0057 40       		.byte	64
 113 0058 06       		.byte	6
 114 0059 01       		.byte	1
ARM GAS  C:\Users\pearlstl\AppData\Local\Temp\ccPrd5ek.s 			page 3


 115 005a 0C       		.byte	12
 116 005b 10       		.byte	16
 117 005c 0E       		.byte	14
 118 005d 01       		.byte	1
 119 005e 0F       		.byte	15
 120 005f 03       		.byte	3
 121 0060 14       		.byte	20
 122 0061 79       		.byte	121
 123 0062 16       		.byte	22
 124 0063 04       		.byte	4
 125 0064 17       		.byte	23
 126 0065 02       		.byte	2
 127 0066 18       		.byte	24
 128 0067 71       		.byte	113
 129 0068 1A       		.byte	26
 130 0069 0C       		.byte	12
 131 006a 1C       		.byte	28
 132 006b 02       		.byte	2
 133 006c 1F       		.byte	31
 134 006d 01       		.byte	1
 135 006e 24       		.byte	36
 136 006f 20       		.byte	32
 137 0070 25       		.byte	37
 138 0071 02       		.byte	2
 139 0072 26       		.byte	38
 140 0073 01       		.byte	1
 141 0074 2A       		.byte	42
 142 0075 08       		.byte	8
 143 0076 2B       		.byte	43
 144 0077 02       		.byte	2
 145 0078 2D       		.byte	45
 146 0079 02       		.byte	2
 147 007a 30       		.byte	48
 148 007b 08       		.byte	8
 149 007c 32       		.byte	50
 150 007d 02       		.byte	2
 151 007e 34       		.byte	52
 152 007f 07       		.byte	7
 153 0080 36       		.byte	54
 154 0081 72       		.byte	114
 155 0082 37       		.byte	55
 156 0083 03       		.byte	3
 157 0084 3E       		.byte	62
 158 0085 01       		.byte	1
 159 0086 40       		.byte	64
 160 0087 52       		.byte	82
 161 0088 41       		.byte	65
 162 0089 03       		.byte	3
 163 008a 46       		.byte	70
 164 008b EB       		.byte	-21
 165 008c 47       		.byte	71
 166 008d 0C       		.byte	12
 167 008e 48       		.byte	72
 168 008f 1C       		.byte	28
 169 0090 49       		.byte	73
 170 0091 FF       		.byte	-1
 171 0092 4A       		.byte	74
ARM GAS  C:\Users\pearlstl\AppData\Local\Temp\ccPrd5ek.s 			page 4


 172 0093 FF       		.byte	-1
 173 0094 4B       		.byte	75
 174 0095 FF       		.byte	-1
 175 0096 50       		.byte	80
 176 0097 04       		.byte	4
 177 0098 54       		.byte	84
 178 0099 01       		.byte	1
 179 009a 56       		.byte	86
 180 009b 04       		.byte	4
 181 009c 58       		.byte	88
 182 009d 04       		.byte	4
 183 009e 59       		.byte	89
 184 009f 04       		.byte	4
 185 00a0 5A       		.byte	90
 186 00a1 04       		.byte	4
 187 00a2 5B       		.byte	91
 188 00a3 04       		.byte	4
 189 00a4 5F       		.byte	95
 190 00a5 01       		.byte	1
 191 00a6 62       		.byte	98
 192 00a7 C0       		.byte	-64
 193 00a8 64       		.byte	100
 194 00a9 40       		.byte	64
 195 00aa 65       		.byte	101
 196 00ab 01       		.byte	1
 197 00ac 66       		.byte	102
 198 00ad 80       		.byte	-128
 199 00ae 68       		.byte	104
 200 00af 30       		.byte	48
 201 00b0 6A       		.byte	106
 202 00b1 40       		.byte	64
 203 00b2 6B       		.byte	107
 204 00b3 10       		.byte	16
 205 00b4 6C       		.byte	108
 206 00b5 10       		.byte	16
 207 00b6 6E       		.byte	110
 208 00b7 40       		.byte	64
 209 00b8 6F       		.byte	111
 210 00b9 A8       		.byte	-88
 211 00ba 80       		.byte	-128
 212 00bb 10       		.byte	16
 213 00bc 88       		.byte	-120
 214 00bd 10       		.byte	16
 215 00be 8C       		.byte	-116
 216 00bf 05       		.byte	5
 217 00c0 8E       		.byte	-114
 218 00c1 0A       		.byte	10
 219 00c2 93       		.byte	-109
 220 00c3 04       		.byte	4
 221 00c4 96       		.byte	-106
 222 00c5 01       		.byte	1
 223 00c6 97       		.byte	-105
 224 00c7 06       		.byte	6
 225 00c8 9A       		.byte	-102
 226 00c9 08       		.byte	8
 227 00ca 9B       		.byte	-101
 228 00cb 03       		.byte	3
ARM GAS  C:\Users\pearlstl\AppData\Local\Temp\ccPrd5ek.s 			page 5


 229 00cc 9E       		.byte	-98
 230 00cd 04       		.byte	4
 231 00ce A8       		.byte	-88
 232 00cf 20       		.byte	32
 233 00d0 AB       		.byte	-85
 234 00d1 03       		.byte	3
 235 00d2 AE       		.byte	-82
 236 00d3 02       		.byte	2
 237 00d4 B0       		.byte	-80
 238 00d5 20       		.byte	32
 239 00d6 B1       		.byte	-79
 240 00d7 01       		.byte	1
 241 00d8 B2       		.byte	-78
 242 00d9 03       		.byte	3
 243 00da B4       		.byte	-76
 244 00db 0C       		.byte	12
 245 00dc B6       		.byte	-74
 246 00dd 10       		.byte	16
 247 00de B7       		.byte	-73
 248 00df 06       		.byte	6
 249 00e0 BF       		.byte	-65
 250 00e1 01       		.byte	1
 251 00e2 D2       		.byte	-46
 252 00e3 07       		.byte	7
 253 00e4 D4       		.byte	-44
 254 00e5 01       		.byte	1
 255 00e6 D6       		.byte	-42
 256 00e7 04       		.byte	4
 257 00e8 D8       		.byte	-40
 258 00e9 04       		.byte	4
 259 00ea D9       		.byte	-39
 260 00eb 04       		.byte	4
 261 00ec DB       		.byte	-37
 262 00ed 04       		.byte	4
 263 00ee DF       		.byte	-33
 264 00ef 01       		.byte	1
 265 00f0 00       		.byte	0
 266 00f1 88       		.byte	-120
 267 00f2 03       		.byte	3
 268 00f3 80       		.byte	-128
 269 00f4 05       		.byte	5
 270 00f5 01       		.byte	1
 271 00f6 06       		.byte	6
 272 00f7 08       		.byte	8
 273 00f8 07       		.byte	7
 274 00f9 01       		.byte	1
 275 00fa 0A       		.byte	10
 276 00fb 16       		.byte	22
 277 00fc 0C       		.byte	12
 278 00fd 40       		.byte	64
 279 00fe 0D       		.byte	13
 280 00ff 20       		.byte	32
 281 0100 0E       		.byte	14
 282 0101 20       		.byte	32
 283 0102 10       		.byte	16
 284 0103 08       		.byte	8
 285 0104 11       		.byte	17
ARM GAS  C:\Users\pearlstl\AppData\Local\Temp\ccPrd5ek.s 			page 6


 286 0105 04       		.byte	4
 287 0106 15       		.byte	21
 288 0107 80       		.byte	-128
 289 0108 17       		.byte	23
 290 0109 10       		.byte	16
 291 010a 19       		.byte	25
 292 010b 64       		.byte	100
 293 010c 1A       		.byte	26
 294 010d 94       		.byte	-108
 295 010e 1B       		.byte	27
 296 010f 80       		.byte	-128
 297 0110 1D       		.byte	29
 298 0111 A1       		.byte	-95
 299 0112 1E       		.byte	30
 300 0113 20       		.byte	32
 301 0114 22       		.byte	34
 302 0115 80       		.byte	-128
 303 0116 27       		.byte	39
 304 0117 82       		.byte	-126
 305 0118 29       		.byte	41
 306 0119 64       		.byte	100
 307 011a 2C       		.byte	44
 308 011b 10       		.byte	16
 309 011c 2F       		.byte	47
 310 011d 18       		.byte	24
 311 011e 30       		.byte	48
 312 011f 08       		.byte	8
 313 0120 32       		.byte	50
 314 0121 80       		.byte	-128
 315 0122 36       		.byte	54
 316 0123 20       		.byte	32
 317 0124 37       		.byte	55
 318 0125 06       		.byte	6
 319 0126 39       		.byte	57
 320 0127 40       		.byte	64
 321 0128 42       		.byte	66
 322 0129 14       		.byte	20
 323 012a 49       		.byte	73
 324 012b 40       		.byte	64
 325 012c 50       		.byte	80
 326 012d 08       		.byte	8
 327 012e 51       		.byte	81
 328 012f 40       		.byte	64
 329 0130 53       		.byte	83
 330 0131 10       		.byte	16
 331 0132 58       		.byte	88
 332 0133 10       		.byte	16
 333 0134 5A       		.byte	90
 334 0135 80       		.byte	-128
 335 0136 5C       		.byte	92
 336 0137 08       		.byte	8
 337 0138 5E       		.byte	94
 338 0139 08       		.byte	8
 339 013a 5F       		.byte	95
 340 013b 90       		.byte	-112
 341 013c 63       		.byte	99
 342 013d 40       		.byte	64
ARM GAS  C:\Users\pearlstl\AppData\Local\Temp\ccPrd5ek.s 			page 7


 343 013e 64       		.byte	100
 344 013f 80       		.byte	-128
 345 0140 6D       		.byte	109
 346 0141 48       		.byte	72
 347 0142 6E       		.byte	110
 348 0143 48       		.byte	72
 349 0144 6F       		.byte	111
 350 0145 14       		.byte	20
 351 0146 84       		.byte	-124
 352 0147 40       		.byte	64
 353 0148 87       		.byte	-121
 354 0149 40       		.byte	64
 355 014a 8A       		.byte	-118
 356 014b 10       		.byte	16
 357 014c C0       		.byte	-64
 358 014d DD       		.byte	-35
 359 014e C2       		.byte	-62
 360 014f E7       		.byte	-25
 361 0150 C4       		.byte	-60
 362 0151 C6       		.byte	-58
 363 0152 CA       		.byte	-54
 364 0153 2E       		.byte	46
 365 0154 CC       		.byte	-52
 366 0155 EA       		.byte	-22
 367 0156 CE       		.byte	-50
 368 0157 08       		.byte	8
 369 0158 D0       		.byte	-48
 370 0159 06       		.byte	6
 371 015a D2       		.byte	-46
 372 015b 08       		.byte	8
 373 015c D6       		.byte	-42
 374 015d 3C       		.byte	60
 375 015e D8       		.byte	-40
 376 015f 81       		.byte	-127
 377 0160 E2       		.byte	-30
 378 0161 80       		.byte	-128
 379 0162 80       		.byte	-128
 380 0163 FF       		.byte	-1
 381 0164 84       		.byte	-124
 382 0165 01       		.byte	1
 383 0166 86       		.byte	-122
 384 0167 80       		.byte	-128
 385 0168 8C       		.byte	-116
 386 0169 01       		.byte	1
 387 016a 8E       		.byte	-114
 388 016b 20       		.byte	32
 389 016c 92       		.byte	-110
 390 016d 01       		.byte	1
 391 016e 96       		.byte	-106
 392 016f FE       		.byte	-2
 393 0170 98       		.byte	-104
 394 0171 01       		.byte	1
 395 0172 9A       		.byte	-102
 396 0173 40       		.byte	64
 397 0174 9D       		.byte	-99
 398 0175 01       		.byte	1
 399 0176 9E       		.byte	-98
ARM GAS  C:\Users\pearlstl\AppData\Local\Temp\ccPrd5ek.s 			page 8


 400 0177 FE       		.byte	-2
 401 0178 A0       		.byte	-96
 402 0179 01       		.byte	1
 403 017a A2       		.byte	-94
 404 017b 10       		.byte	16
 405 017c A4       		.byte	-92
 406 017d 01       		.byte	1
 407 017e A6       		.byte	-90
 408 017f 08       		.byte	8
 409 0180 A8       		.byte	-88
 410 0181 01       		.byte	1
 411 0182 AA       		.byte	-86
 412 0183 04       		.byte	4
 413 0184 AC       		.byte	-84
 414 0185 01       		.byte	1
 415 0186 AE       		.byte	-82
 416 0187 02       		.byte	2
 417 0188 B6       		.byte	-74
 418 0189 FF       		.byte	-1
 419 018a B7       		.byte	-73
 420 018b 01       		.byte	1
 421 018c BF       		.byte	-65
 422 018d 40       		.byte	64
 423 018e D6       		.byte	-42
 424 018f 02       		.byte	2
 425 0190 D7       		.byte	-41
 426 0191 24       		.byte	36
 427 0192 D8       		.byte	-40
 428 0193 04       		.byte	4
 429 0194 D9       		.byte	-39
 430 0195 04       		.byte	4
 431 0196 DB       		.byte	-37
 432 0197 04       		.byte	4
 433 0198 DF       		.byte	-33
 434 0199 01       		.byte	1
 435 019a 00       		.byte	0
 436 019b 88       		.byte	-120
 437 019c 02       		.byte	2
 438 019d 80       		.byte	-128
 439 019e 06       		.byte	6
 440 019f 28       		.byte	40
 441 01a0 07       		.byte	7
 442 01a1 01       		.byte	1
 443 01a2 09       		.byte	9
 444 01a3 04       		.byte	4
 445 01a4 0A       		.byte	10
 446 01a5 46       		.byte	70
 447 01a6 0E       		.byte	14
 448 01a7 95       		.byte	-107
 449 01a8 10       		.byte	16
 450 01a9 08       		.byte	8
 451 01aa 11       		.byte	17
 452 01ab 40       		.byte	64
 453 01ac 13       		.byte	19
 454 01ad 05       		.byte	5
 455 01ae 14       		.byte	20
 456 01af 08       		.byte	8
ARM GAS  C:\Users\pearlstl\AppData\Local\Temp\ccPrd5ek.s 			page 9


 457 01b0 16       		.byte	22
 458 01b1 02       		.byte	2
 459 01b2 17       		.byte	23
 460 01b3 06       		.byte	6
 461 01b4 1A       		.byte	26
 462 01b5 02       		.byte	2
 463 01b6 1E       		.byte	30
 464 01b7 80       		.byte	-128
 465 01b8 1F       		.byte	31
 466 01b9 80       		.byte	-128
 467 01ba 20       		.byte	32
 468 01bb 02       		.byte	2
 469 01bc 24       		.byte	36
 470 01bd 0A       		.byte	10
 471 01be 25       		.byte	37
 472 01bf 4A       		.byte	74
 473 01c0 26       		.byte	38
 474 01c1 22       		.byte	34
 475 01c2 27       		.byte	39
 476 01c3 10       		.byte	16
 477 01c4 2E       		.byte	46
 478 01c5 10       		.byte	16
 479 01c6 2F       		.byte	47
 480 01c7 80       		.byte	-128
 481 01c8 31       		.byte	49
 482 01c9 80       		.byte	-128
 483 01ca 36       		.byte	54
 484 01cb 02       		.byte	2
 485 01cc 37       		.byte	55
 486 01cd 10       		.byte	16
 487 01ce 3D       		.byte	61
 488 01cf 80       		.byte	-128
 489 01d0 3E       		.byte	62
 490 01d1 05       		.byte	5
 491 01d2 45       		.byte	69
 492 01d3 2A       		.byte	42
 493 01d4 4C       		.byte	76
 494 01d5 05       		.byte	5
 495 01d6 57       		.byte	87
 496 01d7 18       		.byte	24
 497 01d8 60       		.byte	96
 498 01d9 08       		.byte	8
 499 01da 63       		.byte	99
 500 01db 30       		.byte	48
 501 01dc 68       		.byte	104
 502 01dd 44       		.byte	68
 503 01de 69       		.byte	105
 504 01df 44       		.byte	68
 505 01e0 6A       		.byte	106
 506 01e1 15       		.byte	21
 507 01e2 6B       		.byte	107
 508 01e3 01       		.byte	1
 509 01e4 70       		.byte	112
 510 01e5 08       		.byte	8
 511 01e6 72       		.byte	114
 512 01e7 2A       		.byte	42
 513 01e8 73       		.byte	115
ARM GAS  C:\Users\pearlstl\AppData\Local\Temp\ccPrd5ek.s 			page 10


 514 01e9 05       		.byte	5
 515 01ea 81       		.byte	-127
 516 01eb 40       		.byte	64
 517 01ec 92       		.byte	-110
 518 01ed 40       		.byte	64
 519 01ee 95       		.byte	-107
 520 01ef 04       		.byte	4
 521 01f0 96       		.byte	-106
 522 01f1 02       		.byte	2
 523 01f2 97       		.byte	-105
 524 01f3 10       		.byte	16
 525 01f4 98       		.byte	-104
 526 01f5 08       		.byte	8
 527 01f6 9B       		.byte	-101
 528 01f7 06       		.byte	6
 529 01f8 9E       		.byte	-98
 530 01f9 08       		.byte	8
 531 01fa 9F       		.byte	-97
 532 01fb 01       		.byte	1
 533 01fc A1       		.byte	-95
 534 01fd A4       		.byte	-92
 535 01fe A2       		.byte	-94
 536 01ff 80       		.byte	-128
 537 0200 A4       		.byte	-92
 538 0201 44       		.byte	68
 539 0202 A6       		.byte	-90
 540 0203 20       		.byte	32
 541 0204 A7       		.byte	-89
 542 0205 08       		.byte	8
 543 0206 AC       		.byte	-84
 544 0207 80       		.byte	-128
 545 0208 B1       		.byte	-79
 546 0209 80       		.byte	-128
 547 020a C0       		.byte	-64
 548 020b ED       		.byte	-19
 549 020c C2       		.byte	-62
 550 020d FF       		.byte	-1
 551 020e C4       		.byte	-60
 552 020f FF       		.byte	-1
 553 0210 CA       		.byte	-54
 554 0211 A0       		.byte	-96
 555 0212 CC       		.byte	-52
 556 0213 A8       		.byte	-88
 557 0214 CE       		.byte	-50
 558 0215 D0       		.byte	-48
 559 0216 D0       		.byte	-48
 560 0217 E0       		.byte	-32
 561 0218 D2       		.byte	-46
 562 0219 30       		.byte	48
 563 021a D8       		.byte	-40
 564 021b 04       		.byte	4
 565 021c EA       		.byte	-22
 566 021d A0       		.byte	-96
 567 021e B0       		.byte	-80
 568 021f 01       		.byte	1
 569 0220 E8       		.byte	-24
 570 0221 80       		.byte	-128
ARM GAS  C:\Users\pearlstl\AppData\Local\Temp\ccPrd5ek.s 			page 11


 571 0222 E8       		.byte	-24
 572 0223 20       		.byte	32
 573 0224 EA       		.byte	-22
 574 0225 80       		.byte	-128
 575 0226 31       		.byte	49
 576 0227 40       		.byte	64
 577 0228 33       		.byte	51
 578 0229 08       		.byte	8
 579 022a 35       		.byte	53
 580 022b 40       		.byte	64
 581 022c 37       		.byte	55
 582 022d 02       		.byte	2
 583 022e 85       		.byte	-123
 584 022f 08       		.byte	8
 585 0230 87       		.byte	-121
 586 0231 02       		.byte	2
 587 0232 88       		.byte	-120
 588 0233 40       		.byte	64
 589 0234 CC       		.byte	-52
 590 0235 F0       		.byte	-16
 591 0236 E4       		.byte	-28
 592 0237 10       		.byte	16
 593 0238 E6       		.byte	-26
 594 0239 40       		.byte	64
 595 023a 05       		.byte	5
 596 023b 08       		.byte	8
 597 023c 53       		.byte	83
 598 023d 10       		.byte	16
 599 023e 57       		.byte	87
 600 023f 20       		.byte	32
 601 0240 58       		.byte	88
 602 0241 40       		.byte	64
 603 0242 83       		.byte	-125
 604 0243 20       		.byte	32
 605 0244 93       		.byte	-109
 606 0245 20       		.byte	32
 607 0246 98       		.byte	-104
 608 0247 40       		.byte	64
 609 0248 9D       		.byte	-99
 610 0249 08       		.byte	8
 611 024a AF       		.byte	-81
 612 024b 08       		.byte	8
 613 024c B1       		.byte	-79
 614 024d 40       		.byte	64
 615 024e B3       		.byte	-77
 616 024f 10       		.byte	16
 617 0250 C0       		.byte	-64
 618 0251 20       		.byte	32
 619 0252 D4       		.byte	-44
 620 0253 E0       		.byte	-32
 621 0254 E6       		.byte	-26
 622 0255 20       		.byte	32
 623 0256 EE       		.byte	-18
 624 0257 40       		.byte	64
 625 0258 7B       		.byte	123
 626 0259 01       		.byte	1
 627 025a 7E       		.byte	126
ARM GAS  C:\Users\pearlstl\AppData\Local\Temp\ccPrd5ek.s 			page 12


 628 025b 01       		.byte	1
 629 025c DC       		.byte	-36
 630 025d 01       		.byte	1
 631 025e DE       		.byte	-34
 632 025f 04       		.byte	4
 633 0260 A2       		.byte	-94
 634 0261 20       		.byte	32
 635 0262 A7       		.byte	-89
 636 0263 01       		.byte	1
 637 0264 B2       		.byte	-78
 638 0265 21       		.byte	33
 639 0266 B3       		.byte	-77
 640 0267 01       		.byte	1
 641 0268 E8       		.byte	-24
 642 0269 04       		.byte	4
 643 026a EA       		.byte	-22
 644 026b 01       		.byte	1
 645 026c 1B       		.byte	27
 646 026d 01       		.byte	1
 647 026e 32       		.byte	50
 648 026f 20       		.byte	32
 649 0270 98       		.byte	-104
 650 0271 20       		.byte	32
 651 0272 A2       		.byte	-94
 652 0273 20       		.byte	32
 653 0274 A7       		.byte	-89
 654 0275 01       		.byte	1
 655 0276 B0       		.byte	-80
 656 0277 20       		.byte	32
 657 0278 C6       		.byte	-58
 658 0279 08       		.byte	8
 659 027a CC       		.byte	-52
 660 027b 08       		.byte	8
 661 027c E8       		.byte	-24
 662 027d 01       		.byte	1
 663 027e 40       		.byte	64
 664 027f 20       		.byte	32
 665 0280 98       		.byte	-104
 666 0281 20       		.byte	32
 667 0282 D0       		.byte	-48
 668 0283 02       		.byte	2
 669 0284 00       		.byte	0
 670 0285 01       		.byte	1
 671 0286 08       		.byte	8
 672 0287 01       		.byte	1
 673 0288 00       		.byte	0
 674 0289 FF       		.byte	-1
 675 028a 00       		.byte	0
 676 028b 00       		.byte	0
 677 028c 00       		.byte	0
 678 028d 00       		.byte	0
 679 028e 00       		.byte	0
 680 028f 11       		.byte	17
 681 0290 03       		.byte	3
 682 0291 00       		.byte	0
 683 0292 04       		.byte	4
 684 0293 11       		.byte	17
ARM GAS  C:\Users\pearlstl\AppData\Local\Temp\ccPrd5ek.s 			page 13


 685 0294 08       		.byte	8
 686 0295 00       		.byte	0
 687 0296 03       		.byte	3
 688 0297 00       		.byte	0
 689 0298 01       		.byte	1
 690 0299 74       		.byte	116
 691 029a 02       		.byte	2
 692 029b 82       		.byte	-126
 693 029c 00       		.byte	0
 694 029d 13       		.byte	19
 695 029e FD       		.byte	-3
 696 029f 64       		.byte	100
 697 02a0 03       		.byte	3
 698 02a1 00       		.byte	0
 699 02a2 80       		.byte	-128
 700 02a3 00       		.byte	0
 701 02a4 40       		.byte	64
 702 02a5 90       		.byte	-112
 703 02a6 03       		.byte	3
 704 02a7 68       		.byte	104
 705 02a8 20       		.byte	32
 706 02a9 00       		.byte	0
 707 02aa 03       		.byte	3
 708 02ab 00       		.byte	0
 709 02ac FF       		.byte	-1
 710 02ad 00       		.byte	0
 711 02ae 00       		.byte	0
 712 02af 3F       		.byte	63
 713 02b0 00       		.byte	0
 714 02b1 00       		.byte	0
 715 02b2 02       		.byte	2
 716 02b3 00       		.byte	0
 717 02b4 00       		.byte	0
 718 02b5 11       		.byte	17
 719 02b6 FC       		.byte	-4
 720 02b7 00       		.byte	0
 721 02b8 10       		.byte	16
 722 02b9 00       		.byte	0
 723 02ba 03       		.byte	3
 724 02bb 00       		.byte	0
 725 02bc FF       		.byte	-1
 726 02bd 20       		.byte	32
 727 02be 00       		.byte	0
 728 02bf 0F       		.byte	15
 729 02c0 00       		.byte	0
 730 02c1 C0       		.byte	-64
 731 02c2 FF       		.byte	-1
 732 02c3 30       		.byte	48
 733 02c4 00       		.byte	0
 734 02c5 08       		.byte	8
 735 02c6 00       		.byte	0
 736 02c7 00       		.byte	0
 737 02c8 00       		.byte	0
 738 02c9 00       		.byte	0
 739 02ca 00       		.byte	0
 740 02cb 00       		.byte	0
 741 02cc 53       		.byte	83
ARM GAS  C:\Users\pearlstl\AppData\Local\Temp\ccPrd5ek.s 			page 14


 742 02cd 04       		.byte	4
 743 02ce 06       		.byte	6
 744 02cf 00       		.byte	0
 745 02d0 02       		.byte	2
 746 02d1 00       		.byte	0
 747 02d2 E0       		.byte	-32
 748 02d3 0C       		.byte	12
 749 02d4 18       		.byte	24
 750 02d5 FF       		.byte	-1
 751 02d6 FF       		.byte	-1
 752 02d7 FF       		.byte	-1
 753 02d8 02       		.byte	2
 754 02d9 20       		.byte	32
 755 02da 00       		.byte	0
 756 02db 05       		.byte	5
 757 02dc 04       		.byte	4
 758 02dd 00       		.byte	0
 759 02de 00       		.byte	0
 760 02df 00       		.byte	0
 761 02e0 00       		.byte	0
 762 02e1 00       		.byte	0
 763 02e2 00       		.byte	0
 764 02e3 00       		.byte	0
 765 02e4 04       		.byte	4
 766 02e5 04       		.byte	4
 767 02e6 04       		.byte	4
 768 02e7 00       		.byte	0
 769 02e8 00       		.byte	0
 770 02e9 00       		.byte	0
 771 02ea 00       		.byte	0
 772 02eb 01       		.byte	1
 773 02ec 00       		.byte	0
 774 02ed 00       		.byte	0
 775 02ee 40       		.byte	64
 776 02ef 01       		.byte	1
 777 02f0 40       		.byte	64
 778 02f1 01       		.byte	1
 779 02f2 50       		.byte	80
 780 02f3 01       		.byte	1
 781 02f4 40       		.byte	64
 782 02f5 01       		.byte	1
 783 02f6 70       		.byte	112
 784 02f7 10       		.byte	16
 785 02f8 40       		.byte	64
 786 02f9 10       		.byte	16
 787 02fa 00       		.byte	0
 788 02fb 00       		.byte	0
 789 02fc 00       		.byte	0
 790 02fd 00       		.byte	0
 791 02fe 00       		.byte	0
 792 02ff 00       		.byte	0
 793 0300 00       		.byte	0
 794 0301 00       		.byte	0
 795 0302 00       		.byte	0
 796 0303 00       		.byte	0
 797 0304 00       		.byte	0
 798 0305 00       		.byte	0
ARM GAS  C:\Users\pearlstl\AppData\Local\Temp\ccPrd5ek.s 			page 15


 799 0306 00       		.byte	0
 800 0307 00       		.byte	0
 801 0308 00       		.byte	0
 802 0309 00       		.byte	0
 803 030a 00       		.byte	0
 804 030b 00       		.byte	0
 805 030c 02       		.byte	2
 806 030d 0D       		.byte	13
 807 030e 0D       		.byte	13
 808 030f 0D       		.byte	13
 809 0310 0D       		.byte	13
 810 0311 00       		.byte	0
 811 0312 30       		.byte	48
 812 0313 00       		.byte	0
 813 0314 00       		.byte	0
 814 0315 30       		.byte	48
 815 0316 30       		.byte	48
 816 0317 00       		.byte	0
 817 0318 30       		.byte	48
 818 0319 00       		.byte	0
 819 031a 00       		.byte	0
 820 031b 00       		.byte	0
 821 031c 20       		.byte	32
 822 031d 00       		.byte	0
 823 031e 00       		.byte	0
 824 031f 20       		.byte	32
 825 0320 00       		.byte	0
 826 0321 00       		.byte	0
 827 0322 00       		.byte	0
 828 0323 00       		.byte	0
 829 0324 00       		.byte	0
 830 0325 00       		.byte	0
 831 0326 00       		.byte	0
 832 0327 00       		.byte	0
 833 0328 00       		.byte	0
 834 0329 0B       		.byte	11
 835 032a 0B       		.byte	11
 836 032b 00       		.byte	0
 837 032c 00       		.byte	0
 838 032d 00       		.byte	0
 839 032e 00       		.byte	0
 840 032f 00       		.byte	0
 841 0330 00       		.byte	0
 842 0331 03       		.byte	3
 843 0332 03       		.byte	3
 844 0333 00       		.byte	0
 845 0334 00       		.byte	0
 846 0335 00       		.byte	0
 847 0336 00       		.byte	0
 848 0337 00       		.byte	0
 849 0338 02       		.byte	2
 850 0339 00       		.byte	0
 851 033a 00       		.byte	0
 852 033b 02       		.byte	2
 853 033c 00       		.byte	0
 854 033d 00       		.byte	0
 855 033e 00       		.byte	0
ARM GAS  C:\Users\pearlstl\AppData\Local\Temp\ccPrd5ek.s 			page 16


 856 033f 00       		.byte	0
 857 0340 00       		.byte	0
 858 0341 00       		.byte	0
 859 0342 00       		.byte	0
 860 0343 00       		.byte	0
 861 0344 0E       		.byte	14
 862 0345 00       		.byte	0
 863 0346 18       		.byte	24
 864 0347 01       		.byte	1
 865              		.global	cy_meta_custnvl
 866              		.section	.cycustnvl,"a",%progbits
 867              		.align	2
 868              		.type	cy_meta_custnvl, %object
 869              		.size	cy_meta_custnvl, 4
 870              	cy_meta_custnvl:
 871 0000 00       		.byte	0
 872 0001 00       		.byte	0
 873 0002 40       		.byte	64
 874 0003 05       		.byte	5
 875              		.global	cy_meta_wonvl
 876              		.section	.cywolatch,"a",%progbits
 877              		.align	2
 878              		.type	cy_meta_wonvl, %object
 879              		.size	cy_meta_wonvl, 4
 880              	cy_meta_wonvl:
 881 0000 BC       		.byte	-68
 882 0001 90       		.byte	-112
 883 0002 AC       		.byte	-84
 884 0003 AF       		.byte	-81
 885              		.global	cy_meta_flashprotect
 886              		.section	.cyflashprotect,"a",%progbits
 887              		.align	2
 888              		.type	cy_meta_flashprotect, %object
 889              		.size	cy_meta_flashprotect, 256
 890              	cy_meta_flashprotect:
 891 0000 00000000 		.space	256
 891      00000000 
 891      00000000 
 891      00000000 
 891      00000000 
 892              		.global	cy_metadata
 893              		.section	.cymeta,"a",%progbits
 894              		.align	2
 895              		.type	cy_metadata, %object
 896              		.size	cy_metadata, 12
 897              	cy_metadata:
 898 0000 00       		.byte	0
 899 0001 01       		.byte	1
 900 0002 2E       		.byte	46
 901 0003 12       		.byte	18
 902 0004 30       		.byte	48
 903 0005 69       		.byte	105
 904 0006 00       		.byte	0
 905 0007 01       		.byte	1
 906 0008 00       		.byte	0
 907 0009 00       		.byte	0
 908 000a 00       		.byte	0
ARM GAS  C:\Users\pearlstl\AppData\Local\Temp\ccPrd5ek.s 			page 17


 909 000b 00       		.byte	0
 910              		.text
 911              	.Letext0:
 912              		.file 1 "c:\\program files (x86)\\cypress\\psoc creator\\4.2\\psoc creator\\import\\gnu\\arm\\5.4.
 913              		.file 2 "c:\\program files (x86)\\cypress\\psoc creator\\4.2\\psoc creator\\import\\gnu\\arm\\5.4.
 914              		.file 3 "Generated_Source\\PSoC5\\cymetadata.c"
 915              		.section	.debug_info,"",%progbits
 916              	.Ldebug_info0:
 917 0000 31010000 		.4byte	0x131
 918 0004 0400     		.2byte	0x4
 919 0006 00000000 		.4byte	.Ldebug_abbrev0
 920 000a 04       		.byte	0x4
 921 000b 01       		.uleb128 0x1
 922 000c 0A000000 		.4byte	.LASF17
 923 0010 0C       		.byte	0xc
 924 0011 D1010000 		.4byte	.LASF18
 925 0015 5F010000 		.4byte	.LASF19
 926 0019 00000000 		.4byte	.Ldebug_line0
 927 001d 02       		.uleb128 0x2
 928 001e 01       		.byte	0x1
 929 001f 06       		.byte	0x6
 930 0020 C5010000 		.4byte	.LASF0
 931 0024 03       		.uleb128 0x3
 932 0025 00000000 		.4byte	.LASF9
 933 0029 01       		.byte	0x1
 934 002a 1D       		.byte	0x1d
 935 002b 2F000000 		.4byte	0x2f
 936 002f 02       		.uleb128 0x2
 937 0030 01       		.byte	0x1
 938 0031 08       		.byte	0x8
 939 0032 A4000000 		.4byte	.LASF1
 940 0036 02       		.uleb128 0x2
 941 0037 02       		.byte	0x2
 942 0038 05       		.byte	0x5
 943 0039 B2010000 		.4byte	.LASF2
 944 003d 02       		.uleb128 0x2
 945 003e 02       		.byte	0x2
 946 003f 07       		.byte	0x7
 947 0040 C4000000 		.4byte	.LASF3
 948 0044 02       		.uleb128 0x2
 949 0045 04       		.byte	0x4
 950 0046 05       		.byte	0x5
 951 0047 BC010000 		.4byte	.LASF4
 952 004b 02       		.uleb128 0x2
 953 004c 04       		.byte	0x4
 954 004d 07       		.byte	0x7
 955 004e B2000000 		.4byte	.LASF5
 956 0052 02       		.uleb128 0x2
 957 0053 08       		.byte	0x8
 958 0054 05       		.byte	0x5
 959 0055 51010000 		.4byte	.LASF6
 960 0059 02       		.uleb128 0x2
 961 005a 08       		.byte	0x8
 962 005b 07       		.byte	0x7
 963 005c 06010000 		.4byte	.LASF7
 964 0060 04       		.uleb128 0x4
 965 0061 04       		.byte	0x4
ARM GAS  C:\Users\pearlstl\AppData\Local\Temp\ccPrd5ek.s 			page 18


 966 0062 05       		.byte	0x5
 967 0063 696E7400 		.ascii	"int\000"
 968 0067 02       		.uleb128 0x2
 969 0068 04       		.byte	0x4
 970 0069 07       		.byte	0x7
 971 006a F9000000 		.4byte	.LASF8
 972 006e 03       		.uleb128 0x3
 973 006f 1D010000 		.4byte	.LASF10
 974 0073 02       		.byte	0x2
 975 0074 18       		.byte	0x18
 976 0075 24000000 		.4byte	0x24
 977 0079 05       		.uleb128 0x5
 978 007a 91000000 		.4byte	0x91
 979 007e 8A000000 		.4byte	0x8a
 980 0082 06       		.uleb128 0x6
 981 0083 8A000000 		.4byte	0x8a
 982 0087 4703     		.2byte	0x347
 983 0089 00       		.byte	0
 984 008a 02       		.uleb128 0x2
 985 008b 04       		.byte	0x4
 986 008c 07       		.byte	0x7
 987 008d 48010000 		.4byte	.LASF11
 988 0091 07       		.uleb128 0x7
 989 0092 6E000000 		.4byte	0x6e
 990 0096 08       		.uleb128 0x8
 991 0097 E7000000 		.4byte	.LASF12
 992 009b 03       		.byte	0x3
 993 009c 1F       		.byte	0x1f
 994 009d A7000000 		.4byte	0xa7
 995 00a1 05       		.uleb128 0x5
 996 00a2 03       		.byte	0x3
 997 00a3 00000000 		.4byte	cy_meta_configecc
 998 00a7 07       		.uleb128 0x7
 999 00a8 79000000 		.4byte	0x79
 1000 00ac 05       		.uleb128 0x5
 1001 00ad 91000000 		.4byte	0x91
 1002 00b1 BC000000 		.4byte	0xbc
 1003 00b5 09       		.uleb128 0x9
 1004 00b6 8A000000 		.4byte	0x8a
 1005 00ba 03       		.byte	0x3
 1006 00bb 00       		.byte	0
 1007 00bc 08       		.uleb128 0x8
 1008 00bd D7000000 		.4byte	.LASF13
 1009 00c1 03       		.byte	0x3
 1010 00c2 95       		.byte	0x95
 1011 00c3 CD000000 		.4byte	0xcd
 1012 00c7 05       		.uleb128 0x5
 1013 00c8 03       		.byte	0x3
 1014 00c9 00000000 		.4byte	cy_meta_custnvl
 1015 00cd 07       		.uleb128 0x7
 1016 00ce AC000000 		.4byte	0xac
 1017 00d2 08       		.uleb128 0x8
 1018 00d3 3A010000 		.4byte	.LASF14
 1019 00d7 03       		.byte	0x3
 1020 00d8 A3       		.byte	0xa3
 1021 00d9 E3000000 		.4byte	0xe3
 1022 00dd 05       		.uleb128 0x5
ARM GAS  C:\Users\pearlstl\AppData\Local\Temp\ccPrd5ek.s 			page 19


 1023 00de 03       		.byte	0x3
 1024 00df 00000000 		.4byte	cy_meta_wonvl
 1025 00e3 07       		.uleb128 0x7
 1026 00e4 AC000000 		.4byte	0xac
 1027 00e8 05       		.uleb128 0x5
 1028 00e9 91000000 		.4byte	0x91
 1029 00ed F8000000 		.4byte	0xf8
 1030 00f1 09       		.uleb128 0x9
 1031 00f2 8A000000 		.4byte	0x8a
 1032 00f6 FF       		.byte	0xff
 1033 00f7 00       		.byte	0
 1034 00f8 08       		.uleb128 0x8
 1035 00f9 25010000 		.4byte	.LASF15
 1036 00fd 03       		.byte	0x3
 1037 00fe B1       		.byte	0xb1
 1038 00ff 09010000 		.4byte	0x109
 1039 0103 05       		.uleb128 0x5
 1040 0104 03       		.byte	0x3
 1041 0105 00000000 		.4byte	cy_meta_flashprotect
 1042 0109 07       		.uleb128 0x7
 1043 010a E8000000 		.4byte	0xe8
 1044 010e 05       		.uleb128 0x5
 1045 010f 91000000 		.4byte	0x91
 1046 0113 1E010000 		.4byte	0x11e
 1047 0117 09       		.uleb128 0x9
 1048 0118 8A000000 		.4byte	0x8a
 1049 011c 0B       		.byte	0xb
 1050 011d 00       		.byte	0
 1051 011e 08       		.uleb128 0x8
 1052 011f 98000000 		.4byte	.LASF16
 1053 0123 03       		.byte	0x3
 1054 0124 DE       		.byte	0xde
 1055 0125 2F010000 		.4byte	0x12f
 1056 0129 05       		.uleb128 0x5
 1057 012a 03       		.byte	0x3
 1058 012b 00000000 		.4byte	cy_metadata
 1059 012f 07       		.uleb128 0x7
 1060 0130 0E010000 		.4byte	0x10e
 1061 0134 00       		.byte	0
 1062              		.section	.debug_abbrev,"",%progbits
 1063              	.Ldebug_abbrev0:
 1064 0000 01       		.uleb128 0x1
 1065 0001 11       		.uleb128 0x11
 1066 0002 01       		.byte	0x1
 1067 0003 25       		.uleb128 0x25
 1068 0004 0E       		.uleb128 0xe
 1069 0005 13       		.uleb128 0x13
 1070 0006 0B       		.uleb128 0xb
 1071 0007 03       		.uleb128 0x3
 1072 0008 0E       		.uleb128 0xe
 1073 0009 1B       		.uleb128 0x1b
 1074 000a 0E       		.uleb128 0xe
 1075 000b 10       		.uleb128 0x10
 1076 000c 17       		.uleb128 0x17
 1077 000d 00       		.byte	0
 1078 000e 00       		.byte	0
 1079 000f 02       		.uleb128 0x2
ARM GAS  C:\Users\pearlstl\AppData\Local\Temp\ccPrd5ek.s 			page 20


 1080 0010 24       		.uleb128 0x24
 1081 0011 00       		.byte	0
 1082 0012 0B       		.uleb128 0xb
 1083 0013 0B       		.uleb128 0xb
 1084 0014 3E       		.uleb128 0x3e
 1085 0015 0B       		.uleb128 0xb
 1086 0016 03       		.uleb128 0x3
 1087 0017 0E       		.uleb128 0xe
 1088 0018 00       		.byte	0
 1089 0019 00       		.byte	0
 1090 001a 03       		.uleb128 0x3
 1091 001b 16       		.uleb128 0x16
 1092 001c 00       		.byte	0
 1093 001d 03       		.uleb128 0x3
 1094 001e 0E       		.uleb128 0xe
 1095 001f 3A       		.uleb128 0x3a
 1096 0020 0B       		.uleb128 0xb
 1097 0021 3B       		.uleb128 0x3b
 1098 0022 0B       		.uleb128 0xb
 1099 0023 49       		.uleb128 0x49
 1100 0024 13       		.uleb128 0x13
 1101 0025 00       		.byte	0
 1102 0026 00       		.byte	0
 1103 0027 04       		.uleb128 0x4
 1104 0028 24       		.uleb128 0x24
 1105 0029 00       		.byte	0
 1106 002a 0B       		.uleb128 0xb
 1107 002b 0B       		.uleb128 0xb
 1108 002c 3E       		.uleb128 0x3e
 1109 002d 0B       		.uleb128 0xb
 1110 002e 03       		.uleb128 0x3
 1111 002f 08       		.uleb128 0x8
 1112 0030 00       		.byte	0
 1113 0031 00       		.byte	0
 1114 0032 05       		.uleb128 0x5
 1115 0033 01       		.uleb128 0x1
 1116 0034 01       		.byte	0x1
 1117 0035 49       		.uleb128 0x49
 1118 0036 13       		.uleb128 0x13
 1119 0037 01       		.uleb128 0x1
 1120 0038 13       		.uleb128 0x13
 1121 0039 00       		.byte	0
 1122 003a 00       		.byte	0
 1123 003b 06       		.uleb128 0x6
 1124 003c 21       		.uleb128 0x21
 1125 003d 00       		.byte	0
 1126 003e 49       		.uleb128 0x49
 1127 003f 13       		.uleb128 0x13
 1128 0040 2F       		.uleb128 0x2f
 1129 0041 05       		.uleb128 0x5
 1130 0042 00       		.byte	0
 1131 0043 00       		.byte	0
 1132 0044 07       		.uleb128 0x7
 1133 0045 26       		.uleb128 0x26
 1134 0046 00       		.byte	0
 1135 0047 49       		.uleb128 0x49
 1136 0048 13       		.uleb128 0x13
ARM GAS  C:\Users\pearlstl\AppData\Local\Temp\ccPrd5ek.s 			page 21


 1137 0049 00       		.byte	0
 1138 004a 00       		.byte	0
 1139 004b 08       		.uleb128 0x8
 1140 004c 34       		.uleb128 0x34
 1141 004d 00       		.byte	0
 1142 004e 03       		.uleb128 0x3
 1143 004f 0E       		.uleb128 0xe
 1144 0050 3A       		.uleb128 0x3a
 1145 0051 0B       		.uleb128 0xb
 1146 0052 3B       		.uleb128 0x3b
 1147 0053 0B       		.uleb128 0xb
 1148 0054 49       		.uleb128 0x49
 1149 0055 13       		.uleb128 0x13
 1150 0056 3F       		.uleb128 0x3f
 1151 0057 19       		.uleb128 0x19
 1152 0058 02       		.uleb128 0x2
 1153 0059 18       		.uleb128 0x18
 1154 005a 00       		.byte	0
 1155 005b 00       		.byte	0
 1156 005c 09       		.uleb128 0x9
 1157 005d 21       		.uleb128 0x21
 1158 005e 00       		.byte	0
 1159 005f 49       		.uleb128 0x49
 1160 0060 13       		.uleb128 0x13
 1161 0061 2F       		.uleb128 0x2f
 1162 0062 0B       		.uleb128 0xb
 1163 0063 00       		.byte	0
 1164 0064 00       		.byte	0
 1165 0065 00       		.byte	0
 1166              		.section	.debug_aranges,"",%progbits
 1167 0000 14000000 		.4byte	0x14
 1168 0004 0200     		.2byte	0x2
 1169 0006 00000000 		.4byte	.Ldebug_info0
 1170 000a 04       		.byte	0x4
 1171 000b 00       		.byte	0
 1172 000c 0000     		.2byte	0
 1173 000e 0000     		.2byte	0
 1174 0010 00000000 		.4byte	0
 1175 0014 00000000 		.4byte	0
 1176              		.section	.debug_line,"",%progbits
 1177              	.Ldebug_line0:
 1178 0000 3D010000 		.section	.debug_str,"MS",%progbits,1
 1178      02003701 
 1178      00000201 
 1178      FB0E0D00 
 1178      01010101 
 1179              	.LASF9:
 1180 0000 5F5F7569 		.ascii	"__uint8_t\000"
 1180      6E74385F 
 1180      7400
 1181              	.LASF17:
 1182 000a 474E5520 		.ascii	"GNU C11 5.4.1 20160609 (release) [ARM/embedded-5-br"
 1182      43313120 
 1182      352E342E 
 1182      31203230 
 1182      31363036 
 1183 003d 616E6368 		.ascii	"anch revision 237715] -mcpu=cortex-m3 -mthumb -g -O"
ARM GAS  C:\Users\pearlstl\AppData\Local\Temp\ccPrd5ek.s 			page 22


 1183      20726576 
 1183      6973696F 
 1183      6E203233 
 1183      37373135 
 1184 0070 30202D66 		.ascii	"0 -ffunction-sections -ffat-lto-objects\000"
 1184      66756E63 
 1184      74696F6E 
 1184      2D736563 
 1184      74696F6E 
 1185              	.LASF16:
 1186 0098 63795F6D 		.ascii	"cy_metadata\000"
 1186      65746164 
 1186      61746100 
 1187              	.LASF1:
 1188 00a4 756E7369 		.ascii	"unsigned char\000"
 1188      676E6564 
 1188      20636861 
 1188      7200
 1189              	.LASF5:
 1190 00b2 6C6F6E67 		.ascii	"long unsigned int\000"
 1190      20756E73 
 1190      69676E65 
 1190      6420696E 
 1190      7400
 1191              	.LASF3:
 1192 00c4 73686F72 		.ascii	"short unsigned int\000"
 1192      7420756E 
 1192      7369676E 
 1192      65642069 
 1192      6E7400
 1193              	.LASF13:
 1194 00d7 63795F6D 		.ascii	"cy_meta_custnvl\000"
 1194      6574615F 
 1194      63757374 
 1194      6E766C00 
 1195              	.LASF12:
 1196 00e7 63795F6D 		.ascii	"cy_meta_configecc\000"
 1196      6574615F 
 1196      636F6E66 
 1196      69676563 
 1196      6300
 1197              	.LASF8:
 1198 00f9 756E7369 		.ascii	"unsigned int\000"
 1198      676E6564 
 1198      20696E74 
 1198      00
 1199              	.LASF7:
 1200 0106 6C6F6E67 		.ascii	"long long unsigned int\000"
 1200      206C6F6E 
 1200      6720756E 
 1200      7369676E 
 1200      65642069 
 1201              	.LASF10:
 1202 011d 75696E74 		.ascii	"uint8_t\000"
 1202      385F7400 
 1203              	.LASF15:
 1204 0125 63795F6D 		.ascii	"cy_meta_flashprotect\000"
ARM GAS  C:\Users\pearlstl\AppData\Local\Temp\ccPrd5ek.s 			page 23


 1204      6574615F 
 1204      666C6173 
 1204      6870726F 
 1204      74656374 
 1205              	.LASF14:
 1206 013a 63795F6D 		.ascii	"cy_meta_wonvl\000"
 1206      6574615F 
 1206      776F6E76 
 1206      6C00
 1207              	.LASF11:
 1208 0148 73697A65 		.ascii	"sizetype\000"
 1208      74797065 
 1208      00
 1209              	.LASF6:
 1210 0151 6C6F6E67 		.ascii	"long long int\000"
 1210      206C6F6E 
 1210      6720696E 
 1210      7400
 1211              	.LASF19:
 1212 015f 433A5C55 		.ascii	"C:\\Users\\pearlstl\\Documents\\PSoC Creator\\fa20_"
 1212      73657273 
 1212      5C706561 
 1212      726C7374 
 1212      6C5C446F 
 1213 018d 6932735F 		.ascii	"i2s_streamer\\fa20_i2s_streamer.cydsn\000"
 1213      73747265 
 1213      616D6572 
 1213      5C666132 
 1213      305F6932 
 1214              	.LASF2:
 1215 01b2 73686F72 		.ascii	"short int\000"
 1215      7420696E 
 1215      7400
 1216              	.LASF4:
 1217 01bc 6C6F6E67 		.ascii	"long int\000"
 1217      20696E74 
 1217      00
 1218              	.LASF0:
 1219 01c5 7369676E 		.ascii	"signed char\000"
 1219      65642063 
 1219      68617200 
 1220              	.LASF18:
 1221 01d1 47656E65 		.ascii	"Generated_Source\\PSoC5\\cymetadata.c\000"
 1221      72617465 
 1221      645F536F 
 1221      75726365 
 1221      5C50536F 
 1222              		.ident	"GCC: (GNU Tools for ARM Embedded Processors) 5.4.1 20160609 (release) [ARM/embedded-5-bran
