ARM GAS  C:\Users\pearlstl\AppData\Local\Temp\cc0BGPOu.s 			page 1


   1              		.syntax unified
   2              		.cpu cortex-m3
   3              		.fpu softvfp
   4              		.eabi_attribute 20, 1
   5              		.eabi_attribute 21, 1
   6              		.eabi_attribute 23, 3
   7              		.eabi_attribute 24, 1
   8              		.eabi_attribute 25, 1
   9              		.eabi_attribute 26, 1
  10              		.eabi_attribute 30, 6
  11              		.eabi_attribute 34, 1
  12              		.eabi_attribute 18, 4
  13              		.thumb
  14              		.syntax unified
  15              		.file	"PARALLEL_OUT.c"
  16              		.text
  17              	.Ltext0:
  18              		.cfi_sections	.debug_frame
  19              		.section	.text.PARALLEL_OUT_Write,"ax",%progbits
  20              		.align	2
  21              		.global	PARALLEL_OUT_Write
  22              		.thumb
  23              		.thumb_func
  24              		.type	PARALLEL_OUT_Write, %function
  25              	PARALLEL_OUT_Write:
  26              	.LFB0:
  27              		.file 1 "Generated_Source\\PSoC5\\PARALLEL_OUT.c"
   1:Generated_Source\PSoC5/PARALLEL_OUT.c **** /*******************************************************************************
   2:Generated_Source\PSoC5/PARALLEL_OUT.c **** * File Name: PARALLEL_OUT.c  
   3:Generated_Source\PSoC5/PARALLEL_OUT.c **** * Version 2.20
   4:Generated_Source\PSoC5/PARALLEL_OUT.c **** *
   5:Generated_Source\PSoC5/PARALLEL_OUT.c **** * Description:
   6:Generated_Source\PSoC5/PARALLEL_OUT.c **** *  This file contains API to enable firmware control of a Pins component.
   7:Generated_Source\PSoC5/PARALLEL_OUT.c **** *
   8:Generated_Source\PSoC5/PARALLEL_OUT.c **** * Note:
   9:Generated_Source\PSoC5/PARALLEL_OUT.c **** *
  10:Generated_Source\PSoC5/PARALLEL_OUT.c **** ********************************************************************************
  11:Generated_Source\PSoC5/PARALLEL_OUT.c **** * Copyright 2008-2015, Cypress Semiconductor Corporation.  All rights reserved.
  12:Generated_Source\PSoC5/PARALLEL_OUT.c **** * You may use this file only in accordance with the license, terms, conditions, 
  13:Generated_Source\PSoC5/PARALLEL_OUT.c **** * disclaimers, and limitations in the end user license agreement accompanying 
  14:Generated_Source\PSoC5/PARALLEL_OUT.c **** * the software package with which this file was provided.
  15:Generated_Source\PSoC5/PARALLEL_OUT.c **** *******************************************************************************/
  16:Generated_Source\PSoC5/PARALLEL_OUT.c **** 
  17:Generated_Source\PSoC5/PARALLEL_OUT.c **** #include "cytypes.h"
  18:Generated_Source\PSoC5/PARALLEL_OUT.c **** #include "PARALLEL_OUT.h"
  19:Generated_Source\PSoC5/PARALLEL_OUT.c **** 
  20:Generated_Source\PSoC5/PARALLEL_OUT.c **** /* APIs are not generated for P15[7:6] on PSoC 5 */
  21:Generated_Source\PSoC5/PARALLEL_OUT.c **** #if !(CY_PSOC5A &&\
  22:Generated_Source\PSoC5/PARALLEL_OUT.c **** 	 PARALLEL_OUT__PORT == 15 && ((PARALLEL_OUT__MASK & 0xC0) != 0))
  23:Generated_Source\PSoC5/PARALLEL_OUT.c **** 
  24:Generated_Source\PSoC5/PARALLEL_OUT.c **** 
  25:Generated_Source\PSoC5/PARALLEL_OUT.c **** /*******************************************************************************
  26:Generated_Source\PSoC5/PARALLEL_OUT.c **** * Function Name: PARALLEL_OUT_Write
  27:Generated_Source\PSoC5/PARALLEL_OUT.c **** ****************************************************************************//**
  28:Generated_Source\PSoC5/PARALLEL_OUT.c **** *
  29:Generated_Source\PSoC5/PARALLEL_OUT.c **** * \brief Writes the value to the physical port (data output register), masking
  30:Generated_Source\PSoC5/PARALLEL_OUT.c **** *  and shifting the bits appropriately. 
ARM GAS  C:\Users\pearlstl\AppData\Local\Temp\cc0BGPOu.s 			page 2


  31:Generated_Source\PSoC5/PARALLEL_OUT.c **** *
  32:Generated_Source\PSoC5/PARALLEL_OUT.c **** * The data output register controls the signal applied to the physical pin in 
  33:Generated_Source\PSoC5/PARALLEL_OUT.c **** * conjunction with the drive mode parameter. This function avoids changing 
  34:Generated_Source\PSoC5/PARALLEL_OUT.c **** * other bits in the port by using the appropriate method (read-modify-write or
  35:Generated_Source\PSoC5/PARALLEL_OUT.c **** * bit banding).
  36:Generated_Source\PSoC5/PARALLEL_OUT.c **** *
  37:Generated_Source\PSoC5/PARALLEL_OUT.c **** * <b>Note</b> This function should not be used on a hardware digital output pin 
  38:Generated_Source\PSoC5/PARALLEL_OUT.c **** * as it is driven by the hardware signal attached to it.
  39:Generated_Source\PSoC5/PARALLEL_OUT.c **** *
  40:Generated_Source\PSoC5/PARALLEL_OUT.c **** * \param value
  41:Generated_Source\PSoC5/PARALLEL_OUT.c **** *  Value to write to the component instance.
  42:Generated_Source\PSoC5/PARALLEL_OUT.c **** *
  43:Generated_Source\PSoC5/PARALLEL_OUT.c **** * \return 
  44:Generated_Source\PSoC5/PARALLEL_OUT.c **** *  None 
  45:Generated_Source\PSoC5/PARALLEL_OUT.c **** *
  46:Generated_Source\PSoC5/PARALLEL_OUT.c **** * \sideeffect
  47:Generated_Source\PSoC5/PARALLEL_OUT.c **** *  If you use read-modify-write operations that are not atomic; the Interrupt 
  48:Generated_Source\PSoC5/PARALLEL_OUT.c **** *  Service Routines (ISR) can cause corruption of this function. An ISR that 
  49:Generated_Source\PSoC5/PARALLEL_OUT.c **** *  interrupts this function and performs writes to the Pins component data 
  50:Generated_Source\PSoC5/PARALLEL_OUT.c **** *  register can cause corrupted port data. To avoid this issue, you should 
  51:Generated_Source\PSoC5/PARALLEL_OUT.c **** *  either use the Per-Pin APIs (primary method) or disable interrupts around 
  52:Generated_Source\PSoC5/PARALLEL_OUT.c **** *  this function.
  53:Generated_Source\PSoC5/PARALLEL_OUT.c **** *
  54:Generated_Source\PSoC5/PARALLEL_OUT.c **** * \funcusage
  55:Generated_Source\PSoC5/PARALLEL_OUT.c **** *  \snippet PARALLEL_OUT_SUT.c usage_PARALLEL_OUT_Write
  56:Generated_Source\PSoC5/PARALLEL_OUT.c **** *******************************************************************************/
  57:Generated_Source\PSoC5/PARALLEL_OUT.c **** void PARALLEL_OUT_Write(uint8 value)
  58:Generated_Source\PSoC5/PARALLEL_OUT.c **** {
  28              		.loc 1 58 0
  29              		.cfi_startproc
  30              		@ args = 0, pretend = 0, frame = 16
  31              		@ frame_needed = 1, uses_anonymous_args = 0
  32              		@ link register save eliminated.
  33 0000 80B4     		push	{r7}
  34              		.cfi_def_cfa_offset 4
  35              		.cfi_offset 7, -4
  36 0002 85B0     		sub	sp, sp, #20
  37              		.cfi_def_cfa_offset 24
  38 0004 00AF     		add	r7, sp, #0
  39              		.cfi_def_cfa_register 7
  40 0006 0346     		mov	r3, r0
  41 0008 FB71     		strb	r3, [r7, #7]
  59:Generated_Source\PSoC5/PARALLEL_OUT.c ****     uint8 staticBits = (PARALLEL_OUT_DR & (uint8)(~PARALLEL_OUT_MASK));
  42              		.loc 1 59 0
  43 000a 074B     		ldr	r3, .L2
  44 000c 1B78     		ldrb	r3, [r3]
  45 000e 0023     		movs	r3, #0
  46 0010 FB73     		strb	r3, [r7, #15]
  60:Generated_Source\PSoC5/PARALLEL_OUT.c ****     PARALLEL_OUT_DR = staticBits | ((uint8)(value << PARALLEL_OUT_SHIFT) & PARALLEL_OUT_MASK);
  47              		.loc 1 60 0
  48 0012 0549     		ldr	r1, .L2
  49 0014 FA7B     		ldrb	r2, [r7, #15]
  50 0016 FB79     		ldrb	r3, [r7, #7]
  51 0018 1343     		orrs	r3, r3, r2
  52 001a DBB2     		uxtb	r3, r3
  53 001c 0B70     		strb	r3, [r1]
  61:Generated_Source\PSoC5/PARALLEL_OUT.c **** }
ARM GAS  C:\Users\pearlstl\AppData\Local\Temp\cc0BGPOu.s 			page 3


  54              		.loc 1 61 0
  55 001e 00BF     		nop
  56 0020 1437     		adds	r7, r7, #20
  57              		.cfi_def_cfa_offset 4
  58 0022 BD46     		mov	sp, r7
  59              		.cfi_def_cfa_register 13
  60              		@ sp needed
  61 0024 80BC     		pop	{r7}
  62              		.cfi_restore 7
  63              		.cfi_def_cfa_offset 0
  64 0026 7047     		bx	lr
  65              	.L3:
  66              		.align	2
  67              	.L2:
  68 0028 30510040 		.word	1073762608
  69              		.cfi_endproc
  70              	.LFE0:
  71              		.size	PARALLEL_OUT_Write, .-PARALLEL_OUT_Write
  72              		.section	.text.PARALLEL_OUT_SetDriveMode,"ax",%progbits
  73              		.align	2
  74              		.global	PARALLEL_OUT_SetDriveMode
  75              		.thumb
  76              		.thumb_func
  77              		.type	PARALLEL_OUT_SetDriveMode, %function
  78              	PARALLEL_OUT_SetDriveMode:
  79              	.LFB1:
  62:Generated_Source\PSoC5/PARALLEL_OUT.c **** 
  63:Generated_Source\PSoC5/PARALLEL_OUT.c **** 
  64:Generated_Source\PSoC5/PARALLEL_OUT.c **** /*******************************************************************************
  65:Generated_Source\PSoC5/PARALLEL_OUT.c **** * Function Name: PARALLEL_OUT_SetDriveMode
  66:Generated_Source\PSoC5/PARALLEL_OUT.c **** ****************************************************************************//**
  67:Generated_Source\PSoC5/PARALLEL_OUT.c **** *
  68:Generated_Source\PSoC5/PARALLEL_OUT.c **** * \brief Sets the drive mode for each of the Pins component's pins.
  69:Generated_Source\PSoC5/PARALLEL_OUT.c **** * 
  70:Generated_Source\PSoC5/PARALLEL_OUT.c **** * <b>Note</b> This affects all pins in the Pins component instance. Use the
  71:Generated_Source\PSoC5/PARALLEL_OUT.c **** * Per-Pin APIs if you wish to control individual pin's drive modes.
  72:Generated_Source\PSoC5/PARALLEL_OUT.c **** *
  73:Generated_Source\PSoC5/PARALLEL_OUT.c **** * \param mode
  74:Generated_Source\PSoC5/PARALLEL_OUT.c **** *  Mode for the selected signals. Valid options are documented in 
  75:Generated_Source\PSoC5/PARALLEL_OUT.c **** *  \ref driveMode.
  76:Generated_Source\PSoC5/PARALLEL_OUT.c **** *
  77:Generated_Source\PSoC5/PARALLEL_OUT.c **** * \return
  78:Generated_Source\PSoC5/PARALLEL_OUT.c **** *  None
  79:Generated_Source\PSoC5/PARALLEL_OUT.c **** *
  80:Generated_Source\PSoC5/PARALLEL_OUT.c **** * \sideeffect
  81:Generated_Source\PSoC5/PARALLEL_OUT.c **** *  If you use read-modify-write operations that are not atomic, the ISR can
  82:Generated_Source\PSoC5/PARALLEL_OUT.c **** *  cause corruption of this function. An ISR that interrupts this function 
  83:Generated_Source\PSoC5/PARALLEL_OUT.c **** *  and performs writes to the Pins component Drive Mode registers can cause 
  84:Generated_Source\PSoC5/PARALLEL_OUT.c **** *  corrupted port data. To avoid this issue, you should either use the Per-Pin
  85:Generated_Source\PSoC5/PARALLEL_OUT.c **** *  APIs (primary method) or disable interrupts around this function.
  86:Generated_Source\PSoC5/PARALLEL_OUT.c **** *
  87:Generated_Source\PSoC5/PARALLEL_OUT.c **** * \funcusage
  88:Generated_Source\PSoC5/PARALLEL_OUT.c **** *  \snippet PARALLEL_OUT_SUT.c usage_PARALLEL_OUT_SetDriveMode
  89:Generated_Source\PSoC5/PARALLEL_OUT.c **** *******************************************************************************/
  90:Generated_Source\PSoC5/PARALLEL_OUT.c **** void PARALLEL_OUT_SetDriveMode(uint8 mode)
  91:Generated_Source\PSoC5/PARALLEL_OUT.c **** {
  80              		.loc 1 91 0
ARM GAS  C:\Users\pearlstl\AppData\Local\Temp\cc0BGPOu.s 			page 4


  81              		.cfi_startproc
  82              		@ args = 0, pretend = 0, frame = 8
  83              		@ frame_needed = 1, uses_anonymous_args = 0
  84              		@ link register save eliminated.
  85 0000 80B4     		push	{r7}
  86              		.cfi_def_cfa_offset 4
  87              		.cfi_offset 7, -4
  88 0002 83B0     		sub	sp, sp, #12
  89              		.cfi_def_cfa_offset 16
  90 0004 00AF     		add	r7, sp, #0
  91              		.cfi_def_cfa_register 7
  92 0006 0346     		mov	r3, r0
  93 0008 FB71     		strb	r3, [r7, #7]
  92:Generated_Source\PSoC5/PARALLEL_OUT.c **** 	CyPins_SetPinDriveMode(PARALLEL_OUT_0, mode);
  94              		.loc 1 92 0
  95 000a 4649     		ldr	r1, .L5
  96 000c 454B     		ldr	r3, .L5
  97 000e 1B78     		ldrb	r3, [r3]
  98 0010 DBB2     		uxtb	r3, r3
  99 0012 5BB2     		sxtb	r3, r3
 100 0014 23F00E03 		bic	r3, r3, #14
 101 0018 5AB2     		sxtb	r2, r3
 102 001a 97F90730 		ldrsb	r3, [r7, #7]
 103 001e 03F00E03 		and	r3, r3, #14
 104 0022 5BB2     		sxtb	r3, r3
 105 0024 1343     		orrs	r3, r3, r2
 106 0026 5BB2     		sxtb	r3, r3
 107 0028 DBB2     		uxtb	r3, r3
 108 002a 0B70     		strb	r3, [r1]
  93:Generated_Source\PSoC5/PARALLEL_OUT.c **** 	CyPins_SetPinDriveMode(PARALLEL_OUT_1, mode);
 109              		.loc 1 93 0
 110 002c 3E49     		ldr	r1, .L5+4
 111 002e 3E4B     		ldr	r3, .L5+4
 112 0030 1B78     		ldrb	r3, [r3]
 113 0032 DBB2     		uxtb	r3, r3
 114 0034 5BB2     		sxtb	r3, r3
 115 0036 23F00E03 		bic	r3, r3, #14
 116 003a 5AB2     		sxtb	r2, r3
 117 003c 97F90730 		ldrsb	r3, [r7, #7]
 118 0040 03F00E03 		and	r3, r3, #14
 119 0044 5BB2     		sxtb	r3, r3
 120 0046 1343     		orrs	r3, r3, r2
 121 0048 5BB2     		sxtb	r3, r3
 122 004a DBB2     		uxtb	r3, r3
 123 004c 0B70     		strb	r3, [r1]
  94:Generated_Source\PSoC5/PARALLEL_OUT.c **** 	CyPins_SetPinDriveMode(PARALLEL_OUT_2, mode);
 124              		.loc 1 94 0
 125 004e 3749     		ldr	r1, .L5+8
 126 0050 364B     		ldr	r3, .L5+8
 127 0052 1B78     		ldrb	r3, [r3]
 128 0054 DBB2     		uxtb	r3, r3
 129 0056 5BB2     		sxtb	r3, r3
 130 0058 23F00E03 		bic	r3, r3, #14
 131 005c 5AB2     		sxtb	r2, r3
 132 005e 97F90730 		ldrsb	r3, [r7, #7]
 133 0062 03F00E03 		and	r3, r3, #14
 134 0066 5BB2     		sxtb	r3, r3
ARM GAS  C:\Users\pearlstl\AppData\Local\Temp\cc0BGPOu.s 			page 5


 135 0068 1343     		orrs	r3, r3, r2
 136 006a 5BB2     		sxtb	r3, r3
 137 006c DBB2     		uxtb	r3, r3
 138 006e 0B70     		strb	r3, [r1]
  95:Generated_Source\PSoC5/PARALLEL_OUT.c **** 	CyPins_SetPinDriveMode(PARALLEL_OUT_3, mode);
 139              		.loc 1 95 0
 140 0070 2F49     		ldr	r1, .L5+12
 141 0072 2F4B     		ldr	r3, .L5+12
 142 0074 1B78     		ldrb	r3, [r3]
 143 0076 DBB2     		uxtb	r3, r3
 144 0078 5BB2     		sxtb	r3, r3
 145 007a 23F00E03 		bic	r3, r3, #14
 146 007e 5AB2     		sxtb	r2, r3
 147 0080 97F90730 		ldrsb	r3, [r7, #7]
 148 0084 03F00E03 		and	r3, r3, #14
 149 0088 5BB2     		sxtb	r3, r3
 150 008a 1343     		orrs	r3, r3, r2
 151 008c 5BB2     		sxtb	r3, r3
 152 008e DBB2     		uxtb	r3, r3
 153 0090 0B70     		strb	r3, [r1]
  96:Generated_Source\PSoC5/PARALLEL_OUT.c **** 	CyPins_SetPinDriveMode(PARALLEL_OUT_4, mode);
 154              		.loc 1 96 0
 155 0092 2849     		ldr	r1, .L5+16
 156 0094 274B     		ldr	r3, .L5+16
 157 0096 1B78     		ldrb	r3, [r3]
 158 0098 DBB2     		uxtb	r3, r3
 159 009a 5BB2     		sxtb	r3, r3
 160 009c 23F00E03 		bic	r3, r3, #14
 161 00a0 5AB2     		sxtb	r2, r3
 162 00a2 97F90730 		ldrsb	r3, [r7, #7]
 163 00a6 03F00E03 		and	r3, r3, #14
 164 00aa 5BB2     		sxtb	r3, r3
 165 00ac 1343     		orrs	r3, r3, r2
 166 00ae 5BB2     		sxtb	r3, r3
 167 00b0 DBB2     		uxtb	r3, r3
 168 00b2 0B70     		strb	r3, [r1]
  97:Generated_Source\PSoC5/PARALLEL_OUT.c **** 	CyPins_SetPinDriveMode(PARALLEL_OUT_5, mode);
 169              		.loc 1 97 0
 170 00b4 2049     		ldr	r1, .L5+20
 171 00b6 204B     		ldr	r3, .L5+20
 172 00b8 1B78     		ldrb	r3, [r3]
 173 00ba DBB2     		uxtb	r3, r3
 174 00bc 5BB2     		sxtb	r3, r3
 175 00be 23F00E03 		bic	r3, r3, #14
 176 00c2 5AB2     		sxtb	r2, r3
 177 00c4 97F90730 		ldrsb	r3, [r7, #7]
 178 00c8 03F00E03 		and	r3, r3, #14
 179 00cc 5BB2     		sxtb	r3, r3
 180 00ce 1343     		orrs	r3, r3, r2
 181 00d0 5BB2     		sxtb	r3, r3
 182 00d2 DBB2     		uxtb	r3, r3
 183 00d4 0B70     		strb	r3, [r1]
  98:Generated_Source\PSoC5/PARALLEL_OUT.c **** 	CyPins_SetPinDriveMode(PARALLEL_OUT_6, mode);
 184              		.loc 1 98 0
 185 00d6 1949     		ldr	r1, .L5+24
 186 00d8 184B     		ldr	r3, .L5+24
 187 00da 1B78     		ldrb	r3, [r3]
ARM GAS  C:\Users\pearlstl\AppData\Local\Temp\cc0BGPOu.s 			page 6


 188 00dc DBB2     		uxtb	r3, r3
 189 00de 5BB2     		sxtb	r3, r3
 190 00e0 23F00E03 		bic	r3, r3, #14
 191 00e4 5AB2     		sxtb	r2, r3
 192 00e6 97F90730 		ldrsb	r3, [r7, #7]
 193 00ea 03F00E03 		and	r3, r3, #14
 194 00ee 5BB2     		sxtb	r3, r3
 195 00f0 1343     		orrs	r3, r3, r2
 196 00f2 5BB2     		sxtb	r3, r3
 197 00f4 DBB2     		uxtb	r3, r3
 198 00f6 0B70     		strb	r3, [r1]
  99:Generated_Source\PSoC5/PARALLEL_OUT.c **** 	CyPins_SetPinDriveMode(PARALLEL_OUT_7, mode);
 199              		.loc 1 99 0
 200 00f8 1149     		ldr	r1, .L5+28
 201 00fa 114B     		ldr	r3, .L5+28
 202 00fc 1B78     		ldrb	r3, [r3]
 203 00fe DBB2     		uxtb	r3, r3
 204 0100 5BB2     		sxtb	r3, r3
 205 0102 23F00E03 		bic	r3, r3, #14
 206 0106 5AB2     		sxtb	r2, r3
 207 0108 97F90730 		ldrsb	r3, [r7, #7]
 208 010c 03F00E03 		and	r3, r3, #14
 209 0110 5BB2     		sxtb	r3, r3
 210 0112 1343     		orrs	r3, r3, r2
 211 0114 5BB2     		sxtb	r3, r3
 212 0116 DBB2     		uxtb	r3, r3
 213 0118 0B70     		strb	r3, [r1]
 100:Generated_Source\PSoC5/PARALLEL_OUT.c **** }
 214              		.loc 1 100 0
 215 011a 00BF     		nop
 216 011c 0C37     		adds	r7, r7, #12
 217              		.cfi_def_cfa_offset 4
 218 011e BD46     		mov	sp, r7
 219              		.cfi_def_cfa_register 13
 220              		@ sp needed
 221 0120 80BC     		pop	{r7}
 222              		.cfi_restore 7
 223              		.cfi_def_cfa_offset 0
 224 0122 7047     		bx	lr
 225              	.L6:
 226              		.align	2
 227              	.L5:
 228 0124 18500040 		.word	1073762328
 229 0128 19500040 		.word	1073762329
 230 012c 1A500040 		.word	1073762330
 231 0130 1B500040 		.word	1073762331
 232 0134 1C500040 		.word	1073762332
 233 0138 1D500040 		.word	1073762333
 234 013c 1E500040 		.word	1073762334
 235 0140 1F500040 		.word	1073762335
 236              		.cfi_endproc
 237              	.LFE1:
 238              		.size	PARALLEL_OUT_SetDriveMode, .-PARALLEL_OUT_SetDriveMode
 239              		.section	.text.PARALLEL_OUT_Read,"ax",%progbits
 240              		.align	2
 241              		.global	PARALLEL_OUT_Read
 242              		.thumb
ARM GAS  C:\Users\pearlstl\AppData\Local\Temp\cc0BGPOu.s 			page 7


 243              		.thumb_func
 244              		.type	PARALLEL_OUT_Read, %function
 245              	PARALLEL_OUT_Read:
 246              	.LFB2:
 101:Generated_Source\PSoC5/PARALLEL_OUT.c **** 
 102:Generated_Source\PSoC5/PARALLEL_OUT.c **** 
 103:Generated_Source\PSoC5/PARALLEL_OUT.c **** /*******************************************************************************
 104:Generated_Source\PSoC5/PARALLEL_OUT.c **** * Function Name: PARALLEL_OUT_Read
 105:Generated_Source\PSoC5/PARALLEL_OUT.c **** ****************************************************************************//**
 106:Generated_Source\PSoC5/PARALLEL_OUT.c **** *
 107:Generated_Source\PSoC5/PARALLEL_OUT.c **** * \brief Reads the associated physical port (pin status register) and masks 
 108:Generated_Source\PSoC5/PARALLEL_OUT.c **** *  the required bits according to the width and bit position of the component
 109:Generated_Source\PSoC5/PARALLEL_OUT.c **** *  instance. 
 110:Generated_Source\PSoC5/PARALLEL_OUT.c **** *
 111:Generated_Source\PSoC5/PARALLEL_OUT.c **** * The pin's status register returns the current logic level present on the 
 112:Generated_Source\PSoC5/PARALLEL_OUT.c **** * physical pin.
 113:Generated_Source\PSoC5/PARALLEL_OUT.c **** *
 114:Generated_Source\PSoC5/PARALLEL_OUT.c **** * \return 
 115:Generated_Source\PSoC5/PARALLEL_OUT.c **** *  The current value for the pins in the component as a right justified number.
 116:Generated_Source\PSoC5/PARALLEL_OUT.c **** *
 117:Generated_Source\PSoC5/PARALLEL_OUT.c **** * \funcusage
 118:Generated_Source\PSoC5/PARALLEL_OUT.c **** *  \snippet PARALLEL_OUT_SUT.c usage_PARALLEL_OUT_Read  
 119:Generated_Source\PSoC5/PARALLEL_OUT.c **** *******************************************************************************/
 120:Generated_Source\PSoC5/PARALLEL_OUT.c **** uint8 PARALLEL_OUT_Read(void)
 121:Generated_Source\PSoC5/PARALLEL_OUT.c **** {
 247              		.loc 1 121 0
 248              		.cfi_startproc
 249              		@ args = 0, pretend = 0, frame = 0
 250              		@ frame_needed = 1, uses_anonymous_args = 0
 251              		@ link register save eliminated.
 252 0000 80B4     		push	{r7}
 253              		.cfi_def_cfa_offset 4
 254              		.cfi_offset 7, -4
 255 0002 00AF     		add	r7, sp, #0
 256              		.cfi_def_cfa_register 7
 122:Generated_Source\PSoC5/PARALLEL_OUT.c ****     return (PARALLEL_OUT_PS & PARALLEL_OUT_MASK) >> PARALLEL_OUT_SHIFT;
 257              		.loc 1 122 0
 258 0004 034B     		ldr	r3, .L9
 259 0006 1B78     		ldrb	r3, [r3]
 260 0008 DBB2     		uxtb	r3, r3
 123:Generated_Source\PSoC5/PARALLEL_OUT.c **** }
 261              		.loc 1 123 0
 262 000a 1846     		mov	r0, r3
 263 000c BD46     		mov	sp, r7
 264              		.cfi_def_cfa_register 13
 265              		@ sp needed
 266 000e 80BC     		pop	{r7}
 267              		.cfi_restore 7
 268              		.cfi_def_cfa_offset 0
 269 0010 7047     		bx	lr
 270              	.L10:
 271 0012 00BF     		.align	2
 272              	.L9:
 273 0014 31510040 		.word	1073762609
 274              		.cfi_endproc
 275              	.LFE2:
 276              		.size	PARALLEL_OUT_Read, .-PARALLEL_OUT_Read
ARM GAS  C:\Users\pearlstl\AppData\Local\Temp\cc0BGPOu.s 			page 8


 277              		.section	.text.PARALLEL_OUT_ReadDataReg,"ax",%progbits
 278              		.align	2
 279              		.global	PARALLEL_OUT_ReadDataReg
 280              		.thumb
 281              		.thumb_func
 282              		.type	PARALLEL_OUT_ReadDataReg, %function
 283              	PARALLEL_OUT_ReadDataReg:
 284              	.LFB3:
 124:Generated_Source\PSoC5/PARALLEL_OUT.c **** 
 125:Generated_Source\PSoC5/PARALLEL_OUT.c **** 
 126:Generated_Source\PSoC5/PARALLEL_OUT.c **** /*******************************************************************************
 127:Generated_Source\PSoC5/PARALLEL_OUT.c **** * Function Name: PARALLEL_OUT_ReadDataReg
 128:Generated_Source\PSoC5/PARALLEL_OUT.c **** ****************************************************************************//**
 129:Generated_Source\PSoC5/PARALLEL_OUT.c **** *
 130:Generated_Source\PSoC5/PARALLEL_OUT.c **** * \brief Reads the associated physical port's data output register and masks 
 131:Generated_Source\PSoC5/PARALLEL_OUT.c **** *  the correct bits according to the width and bit position of the component 
 132:Generated_Source\PSoC5/PARALLEL_OUT.c **** *  instance. 
 133:Generated_Source\PSoC5/PARALLEL_OUT.c **** *
 134:Generated_Source\PSoC5/PARALLEL_OUT.c **** * The data output register controls the signal applied to the physical pin in 
 135:Generated_Source\PSoC5/PARALLEL_OUT.c **** * conjunction with the drive mode parameter. This is not the same as the 
 136:Generated_Source\PSoC5/PARALLEL_OUT.c **** * preferred PARALLEL_OUT_Read() API because the 
 137:Generated_Source\PSoC5/PARALLEL_OUT.c **** * PARALLEL_OUT_ReadDataReg() reads the data register instead of the status 
 138:Generated_Source\PSoC5/PARALLEL_OUT.c **** * register. For output pins this is a useful function to determine the value 
 139:Generated_Source\PSoC5/PARALLEL_OUT.c **** * just written to the pin.
 140:Generated_Source\PSoC5/PARALLEL_OUT.c **** *
 141:Generated_Source\PSoC5/PARALLEL_OUT.c **** * \return 
 142:Generated_Source\PSoC5/PARALLEL_OUT.c **** *  The current value of the data register masked and shifted into a right 
 143:Generated_Source\PSoC5/PARALLEL_OUT.c **** *  justified number for the component instance.
 144:Generated_Source\PSoC5/PARALLEL_OUT.c **** *
 145:Generated_Source\PSoC5/PARALLEL_OUT.c **** * \funcusage
 146:Generated_Source\PSoC5/PARALLEL_OUT.c **** *  \snippet PARALLEL_OUT_SUT.c usage_PARALLEL_OUT_ReadDataReg 
 147:Generated_Source\PSoC5/PARALLEL_OUT.c **** *******************************************************************************/
 148:Generated_Source\PSoC5/PARALLEL_OUT.c **** uint8 PARALLEL_OUT_ReadDataReg(void)
 149:Generated_Source\PSoC5/PARALLEL_OUT.c **** {
 285              		.loc 1 149 0
 286              		.cfi_startproc
 287              		@ args = 0, pretend = 0, frame = 0
 288              		@ frame_needed = 1, uses_anonymous_args = 0
 289              		@ link register save eliminated.
 290 0000 80B4     		push	{r7}
 291              		.cfi_def_cfa_offset 4
 292              		.cfi_offset 7, -4
 293 0002 00AF     		add	r7, sp, #0
 294              		.cfi_def_cfa_register 7
 150:Generated_Source\PSoC5/PARALLEL_OUT.c ****     return (PARALLEL_OUT_DR & PARALLEL_OUT_MASK) >> PARALLEL_OUT_SHIFT;
 295              		.loc 1 150 0
 296 0004 034B     		ldr	r3, .L13
 297 0006 1B78     		ldrb	r3, [r3]
 298 0008 DBB2     		uxtb	r3, r3
 151:Generated_Source\PSoC5/PARALLEL_OUT.c **** }
 299              		.loc 1 151 0
 300 000a 1846     		mov	r0, r3
 301 000c BD46     		mov	sp, r7
 302              		.cfi_def_cfa_register 13
 303              		@ sp needed
 304 000e 80BC     		pop	{r7}
 305              		.cfi_restore 7
ARM GAS  C:\Users\pearlstl\AppData\Local\Temp\cc0BGPOu.s 			page 9


 306              		.cfi_def_cfa_offset 0
 307 0010 7047     		bx	lr
 308              	.L14:
 309 0012 00BF     		.align	2
 310              	.L13:
 311 0014 30510040 		.word	1073762608
 312              		.cfi_endproc
 313              	.LFE3:
 314              		.size	PARALLEL_OUT_ReadDataReg, .-PARALLEL_OUT_ReadDataReg
 315              		.text
 316              	.Letext0:
 317              		.file 2 "Generated_Source\\PSoC5\\cytypes.h"
 318              		.section	.debug_info,"",%progbits
 319              	.Ldebug_info0:
 320 0000 1A010000 		.4byte	0x11a
 321 0004 0400     		.2byte	0x4
 322 0006 00000000 		.4byte	.Ldebug_abbrev0
 323 000a 04       		.byte	0x4
 324 000b 01       		.uleb128 0x1
 325 000c 1A000000 		.4byte	.LASF20
 326 0010 0C       		.byte	0xc
 327 0011 F0010000 		.4byte	.LASF21
 328 0015 65010000 		.4byte	.LASF22
 329 0019 00000000 		.4byte	.Ldebug_ranges0+0
 330 001d 00000000 		.4byte	0
 331 0021 00000000 		.4byte	.Ldebug_line0
 332 0025 02       		.uleb128 0x2
 333 0026 01       		.byte	0x1
 334 0027 06       		.byte	0x6
 335 0028 D1010000 		.4byte	.LASF0
 336 002c 02       		.uleb128 0x2
 337 002d 01       		.byte	0x1
 338 002e 08       		.byte	0x8
 339 002f BF000000 		.4byte	.LASF1
 340 0033 02       		.uleb128 0x2
 341 0034 02       		.byte	0x2
 342 0035 05       		.byte	0x5
 343 0036 B8010000 		.4byte	.LASF2
 344 003a 02       		.uleb128 0x2
 345 003b 02       		.byte	0x2
 346 003c 07       		.byte	0x7
 347 003d E4000000 		.4byte	.LASF3
 348 0041 02       		.uleb128 0x2
 349 0042 04       		.byte	0x4
 350 0043 05       		.byte	0x5
 351 0044 C8010000 		.4byte	.LASF4
 352 0048 02       		.uleb128 0x2
 353 0049 04       		.byte	0x4
 354 004a 07       		.byte	0x7
 355 004b D2000000 		.4byte	.LASF5
 356 004f 02       		.uleb128 0x2
 357 0050 08       		.byte	0x8
 358 0051 05       		.byte	0x5
 359 0052 52010000 		.4byte	.LASF6
 360 0056 02       		.uleb128 0x2
 361 0057 08       		.byte	0x8
 362 0058 07       		.byte	0x7
ARM GAS  C:\Users\pearlstl\AppData\Local\Temp\cc0BGPOu.s 			page 10


 363 0059 36010000 		.4byte	.LASF7
 364 005d 03       		.uleb128 0x3
 365 005e 04       		.byte	0x4
 366 005f 05       		.byte	0x5
 367 0060 696E7400 		.ascii	"int\000"
 368 0064 02       		.uleb128 0x2
 369 0065 04       		.byte	0x4
 370 0066 07       		.byte	0x7
 371 0067 29010000 		.4byte	.LASF8
 372 006b 04       		.uleb128 0x4
 373 006c C2010000 		.4byte	.LASF12
 374 0070 02       		.byte	0x2
 375 0071 E401     		.2byte	0x1e4
 376 0073 2C000000 		.4byte	0x2c
 377 0077 02       		.uleb128 0x2
 378 0078 04       		.byte	0x4
 379 0079 04       		.byte	0x4
 380 007a B9000000 		.4byte	.LASF9
 381 007e 02       		.uleb128 0x2
 382 007f 08       		.byte	0x8
 383 0080 04       		.byte	0x4
 384 0081 09010000 		.4byte	.LASF10
 385 0085 02       		.uleb128 0x2
 386 0086 01       		.byte	0x1
 387 0087 08       		.byte	0x8
 388 0088 60010000 		.4byte	.LASF11
 389 008c 04       		.uleb128 0x4
 390 008d CD000000 		.4byte	.LASF13
 391 0091 02       		.byte	0x2
 392 0092 8E02     		.2byte	0x28e
 393 0094 98000000 		.4byte	0x98
 394 0098 05       		.uleb128 0x5
 395 0099 6B000000 		.4byte	0x6b
 396 009d 06       		.uleb128 0x6
 397 009e DD010000 		.4byte	.LASF14
 398 00a2 01       		.byte	0x1
 399 00a3 39       		.byte	0x39
 400 00a4 00000000 		.4byte	.LFB0
 401 00a8 2C000000 		.4byte	.LFE0-.LFB0
 402 00ac 01       		.uleb128 0x1
 403 00ad 9C       		.byte	0x9c
 404 00ae CF000000 		.4byte	0xcf
 405 00b2 07       		.uleb128 0x7
 406 00b3 A8000000 		.4byte	.LASF16
 407 00b7 01       		.byte	0x1
 408 00b8 39       		.byte	0x39
 409 00b9 6B000000 		.4byte	0x6b
 410 00bd 02       		.uleb128 0x2
 411 00be 91       		.byte	0x91
 412 00bf 6F       		.sleb128 -17
 413 00c0 08       		.uleb128 0x8
 414 00c1 AE000000 		.4byte	.LASF23
 415 00c5 01       		.byte	0x1
 416 00c6 3B       		.byte	0x3b
 417 00c7 6B000000 		.4byte	0x6b
 418 00cb 02       		.uleb128 0x2
 419 00cc 91       		.byte	0x91
ARM GAS  C:\Users\pearlstl\AppData\Local\Temp\cc0BGPOu.s 			page 11


 420 00cd 77       		.sleb128 -9
 421 00ce 00       		.byte	0
 422 00cf 06       		.uleb128 0x6
 423 00d0 00000000 		.4byte	.LASF15
 424 00d4 01       		.byte	0x1
 425 00d5 5A       		.byte	0x5a
 426 00d6 00000000 		.4byte	.LFB1
 427 00da 44010000 		.4byte	.LFE1-.LFB1
 428 00de 01       		.uleb128 0x1
 429 00df 9C       		.byte	0x9c
 430 00e0 F3000000 		.4byte	0xf3
 431 00e4 07       		.uleb128 0x7
 432 00e5 4D010000 		.4byte	.LASF17
 433 00e9 01       		.byte	0x1
 434 00ea 5A       		.byte	0x5a
 435 00eb 6B000000 		.4byte	0x6b
 436 00ef 02       		.uleb128 0x2
 437 00f0 91       		.byte	0x91
 438 00f1 77       		.sleb128 -9
 439 00f2 00       		.byte	0
 440 00f3 09       		.uleb128 0x9
 441 00f4 F7000000 		.4byte	.LASF18
 442 00f8 01       		.byte	0x1
 443 00f9 78       		.byte	0x78
 444 00fa 6B000000 		.4byte	0x6b
 445 00fe 00000000 		.4byte	.LFB2
 446 0102 18000000 		.4byte	.LFE2-.LFB2
 447 0106 01       		.uleb128 0x1
 448 0107 9C       		.byte	0x9c
 449 0108 09       		.uleb128 0x9
 450 0109 10010000 		.4byte	.LASF19
 451 010d 01       		.byte	0x1
 452 010e 94       		.byte	0x94
 453 010f 6B000000 		.4byte	0x6b
 454 0113 00000000 		.4byte	.LFB3
 455 0117 18000000 		.4byte	.LFE3-.LFB3
 456 011b 01       		.uleb128 0x1
 457 011c 9C       		.byte	0x9c
 458 011d 00       		.byte	0
 459              		.section	.debug_abbrev,"",%progbits
 460              	.Ldebug_abbrev0:
 461 0000 01       		.uleb128 0x1
 462 0001 11       		.uleb128 0x11
 463 0002 01       		.byte	0x1
 464 0003 25       		.uleb128 0x25
 465 0004 0E       		.uleb128 0xe
 466 0005 13       		.uleb128 0x13
 467 0006 0B       		.uleb128 0xb
 468 0007 03       		.uleb128 0x3
 469 0008 0E       		.uleb128 0xe
 470 0009 1B       		.uleb128 0x1b
 471 000a 0E       		.uleb128 0xe
 472 000b 55       		.uleb128 0x55
 473 000c 17       		.uleb128 0x17
 474 000d 11       		.uleb128 0x11
 475 000e 01       		.uleb128 0x1
 476 000f 10       		.uleb128 0x10
ARM GAS  C:\Users\pearlstl\AppData\Local\Temp\cc0BGPOu.s 			page 12


 477 0010 17       		.uleb128 0x17
 478 0011 00       		.byte	0
 479 0012 00       		.byte	0
 480 0013 02       		.uleb128 0x2
 481 0014 24       		.uleb128 0x24
 482 0015 00       		.byte	0
 483 0016 0B       		.uleb128 0xb
 484 0017 0B       		.uleb128 0xb
 485 0018 3E       		.uleb128 0x3e
 486 0019 0B       		.uleb128 0xb
 487 001a 03       		.uleb128 0x3
 488 001b 0E       		.uleb128 0xe
 489 001c 00       		.byte	0
 490 001d 00       		.byte	0
 491 001e 03       		.uleb128 0x3
 492 001f 24       		.uleb128 0x24
 493 0020 00       		.byte	0
 494 0021 0B       		.uleb128 0xb
 495 0022 0B       		.uleb128 0xb
 496 0023 3E       		.uleb128 0x3e
 497 0024 0B       		.uleb128 0xb
 498 0025 03       		.uleb128 0x3
 499 0026 08       		.uleb128 0x8
 500 0027 00       		.byte	0
 501 0028 00       		.byte	0
 502 0029 04       		.uleb128 0x4
 503 002a 16       		.uleb128 0x16
 504 002b 00       		.byte	0
 505 002c 03       		.uleb128 0x3
 506 002d 0E       		.uleb128 0xe
 507 002e 3A       		.uleb128 0x3a
 508 002f 0B       		.uleb128 0xb
 509 0030 3B       		.uleb128 0x3b
 510 0031 05       		.uleb128 0x5
 511 0032 49       		.uleb128 0x49
 512 0033 13       		.uleb128 0x13
 513 0034 00       		.byte	0
 514 0035 00       		.byte	0
 515 0036 05       		.uleb128 0x5
 516 0037 35       		.uleb128 0x35
 517 0038 00       		.byte	0
 518 0039 49       		.uleb128 0x49
 519 003a 13       		.uleb128 0x13
 520 003b 00       		.byte	0
 521 003c 00       		.byte	0
 522 003d 06       		.uleb128 0x6
 523 003e 2E       		.uleb128 0x2e
 524 003f 01       		.byte	0x1
 525 0040 3F       		.uleb128 0x3f
 526 0041 19       		.uleb128 0x19
 527 0042 03       		.uleb128 0x3
 528 0043 0E       		.uleb128 0xe
 529 0044 3A       		.uleb128 0x3a
 530 0045 0B       		.uleb128 0xb
 531 0046 3B       		.uleb128 0x3b
 532 0047 0B       		.uleb128 0xb
 533 0048 27       		.uleb128 0x27
ARM GAS  C:\Users\pearlstl\AppData\Local\Temp\cc0BGPOu.s 			page 13


 534 0049 19       		.uleb128 0x19
 535 004a 11       		.uleb128 0x11
 536 004b 01       		.uleb128 0x1
 537 004c 12       		.uleb128 0x12
 538 004d 06       		.uleb128 0x6
 539 004e 40       		.uleb128 0x40
 540 004f 18       		.uleb128 0x18
 541 0050 9742     		.uleb128 0x2117
 542 0052 19       		.uleb128 0x19
 543 0053 01       		.uleb128 0x1
 544 0054 13       		.uleb128 0x13
 545 0055 00       		.byte	0
 546 0056 00       		.byte	0
 547 0057 07       		.uleb128 0x7
 548 0058 05       		.uleb128 0x5
 549 0059 00       		.byte	0
 550 005a 03       		.uleb128 0x3
 551 005b 0E       		.uleb128 0xe
 552 005c 3A       		.uleb128 0x3a
 553 005d 0B       		.uleb128 0xb
 554 005e 3B       		.uleb128 0x3b
 555 005f 0B       		.uleb128 0xb
 556 0060 49       		.uleb128 0x49
 557 0061 13       		.uleb128 0x13
 558 0062 02       		.uleb128 0x2
 559 0063 18       		.uleb128 0x18
 560 0064 00       		.byte	0
 561 0065 00       		.byte	0
 562 0066 08       		.uleb128 0x8
 563 0067 34       		.uleb128 0x34
 564 0068 00       		.byte	0
 565 0069 03       		.uleb128 0x3
 566 006a 0E       		.uleb128 0xe
 567 006b 3A       		.uleb128 0x3a
 568 006c 0B       		.uleb128 0xb
 569 006d 3B       		.uleb128 0x3b
 570 006e 0B       		.uleb128 0xb
 571 006f 49       		.uleb128 0x49
 572 0070 13       		.uleb128 0x13
 573 0071 02       		.uleb128 0x2
 574 0072 18       		.uleb128 0x18
 575 0073 00       		.byte	0
 576 0074 00       		.byte	0
 577 0075 09       		.uleb128 0x9
 578 0076 2E       		.uleb128 0x2e
 579 0077 00       		.byte	0
 580 0078 3F       		.uleb128 0x3f
 581 0079 19       		.uleb128 0x19
 582 007a 03       		.uleb128 0x3
 583 007b 0E       		.uleb128 0xe
 584 007c 3A       		.uleb128 0x3a
 585 007d 0B       		.uleb128 0xb
 586 007e 3B       		.uleb128 0x3b
 587 007f 0B       		.uleb128 0xb
 588 0080 27       		.uleb128 0x27
 589 0081 19       		.uleb128 0x19
 590 0082 49       		.uleb128 0x49
ARM GAS  C:\Users\pearlstl\AppData\Local\Temp\cc0BGPOu.s 			page 14


 591 0083 13       		.uleb128 0x13
 592 0084 11       		.uleb128 0x11
 593 0085 01       		.uleb128 0x1
 594 0086 12       		.uleb128 0x12
 595 0087 06       		.uleb128 0x6
 596 0088 40       		.uleb128 0x40
 597 0089 18       		.uleb128 0x18
 598 008a 9742     		.uleb128 0x2117
 599 008c 19       		.uleb128 0x19
 600 008d 00       		.byte	0
 601 008e 00       		.byte	0
 602 008f 00       		.byte	0
 603              		.section	.debug_aranges,"",%progbits
 604 0000 34000000 		.4byte	0x34
 605 0004 0200     		.2byte	0x2
 606 0006 00000000 		.4byte	.Ldebug_info0
 607 000a 04       		.byte	0x4
 608 000b 00       		.byte	0
 609 000c 0000     		.2byte	0
 610 000e 0000     		.2byte	0
 611 0010 00000000 		.4byte	.LFB0
 612 0014 2C000000 		.4byte	.LFE0-.LFB0
 613 0018 00000000 		.4byte	.LFB1
 614 001c 44010000 		.4byte	.LFE1-.LFB1
 615 0020 00000000 		.4byte	.LFB2
 616 0024 18000000 		.4byte	.LFE2-.LFB2
 617 0028 00000000 		.4byte	.LFB3
 618 002c 18000000 		.4byte	.LFE3-.LFB3
 619 0030 00000000 		.4byte	0
 620 0034 00000000 		.4byte	0
 621              		.section	.debug_ranges,"",%progbits
 622              	.Ldebug_ranges0:
 623 0000 00000000 		.4byte	.LFB0
 624 0004 2C000000 		.4byte	.LFE0
 625 0008 00000000 		.4byte	.LFB1
 626 000c 44010000 		.4byte	.LFE1
 627 0010 00000000 		.4byte	.LFB2
 628 0014 18000000 		.4byte	.LFE2
 629 0018 00000000 		.4byte	.LFB3
 630 001c 18000000 		.4byte	.LFE3
 631 0020 00000000 		.4byte	0
 632 0024 00000000 		.4byte	0
 633              		.section	.debug_line,"",%progbits
 634              	.Ldebug_line0:
 635 0000 A6000000 		.section	.debug_str,"MS",%progbits,1
 635      02004900 
 635      00000201 
 635      FB0E0D00 
 635      01010101 
 636              	.LASF15:
 637 0000 50415241 		.ascii	"PARALLEL_OUT_SetDriveMode\000"
 637      4C4C454C 
 637      5F4F5554 
 637      5F536574 
 637      44726976 
 638              	.LASF20:
 639 001a 474E5520 		.ascii	"GNU C11 5.4.1 20160609 (release) [ARM/embedded-5-br"
ARM GAS  C:\Users\pearlstl\AppData\Local\Temp\cc0BGPOu.s 			page 15


 639      43313120 
 639      352E342E 
 639      31203230 
 639      31363036 
 640 004d 616E6368 		.ascii	"anch revision 237715] -mcpu=cortex-m3 -mthumb -g -O"
 640      20726576 
 640      6973696F 
 640      6E203233 
 640      37373135 
 641 0080 30202D66 		.ascii	"0 -ffunction-sections -ffat-lto-objects\000"
 641      66756E63 
 641      74696F6E 
 641      2D736563 
 641      74696F6E 
 642              	.LASF16:
 643 00a8 76616C75 		.ascii	"value\000"
 643      6500
 644              	.LASF23:
 645 00ae 73746174 		.ascii	"staticBits\000"
 645      69634269 
 645      747300
 646              	.LASF9:
 647 00b9 666C6F61 		.ascii	"float\000"
 647      7400
 648              	.LASF1:
 649 00bf 756E7369 		.ascii	"unsigned char\000"
 649      676E6564 
 649      20636861 
 649      7200
 650              	.LASF13:
 651 00cd 72656738 		.ascii	"reg8\000"
 651      00
 652              	.LASF5:
 653 00d2 6C6F6E67 		.ascii	"long unsigned int\000"
 653      20756E73 
 653      69676E65 
 653      6420696E 
 653      7400
 654              	.LASF3:
 655 00e4 73686F72 		.ascii	"short unsigned int\000"
 655      7420756E 
 655      7369676E 
 655      65642069 
 655      6E7400
 656              	.LASF18:
 657 00f7 50415241 		.ascii	"PARALLEL_OUT_Read\000"
 657      4C4C454C 
 657      5F4F5554 
 657      5F526561 
 657      6400
 658              	.LASF10:
 659 0109 646F7562 		.ascii	"double\000"
 659      6C6500
 660              	.LASF19:
 661 0110 50415241 		.ascii	"PARALLEL_OUT_ReadDataReg\000"
 661      4C4C454C 
 661      5F4F5554 
ARM GAS  C:\Users\pearlstl\AppData\Local\Temp\cc0BGPOu.s 			page 16


 661      5F526561 
 661      64446174 
 662              	.LASF8:
 663 0129 756E7369 		.ascii	"unsigned int\000"
 663      676E6564 
 663      20696E74 
 663      00
 664              	.LASF7:
 665 0136 6C6F6E67 		.ascii	"long long unsigned int\000"
 665      206C6F6E 
 665      6720756E 
 665      7369676E 
 665      65642069 
 666              	.LASF17:
 667 014d 6D6F6465 		.ascii	"mode\000"
 667      00
 668              	.LASF6:
 669 0152 6C6F6E67 		.ascii	"long long int\000"
 669      206C6F6E 
 669      6720696E 
 669      7400
 670              	.LASF11:
 671 0160 63686172 		.ascii	"char\000"
 671      00
 672              	.LASF22:
 673 0165 433A5C55 		.ascii	"C:\\Users\\pearlstl\\Documents\\PSoC Creator\\fa20_"
 673      73657273 
 673      5C706561 
 673      726C7374 
 673      6C5C446F 
 674 0193 6932735F 		.ascii	"i2s_streamer\\fa20_i2s_streamer.cydsn\000"
 674      73747265 
 674      616D6572 
 674      5C666132 
 674      305F6932 
 675              	.LASF2:
 676 01b8 73686F72 		.ascii	"short int\000"
 676      7420696E 
 676      7400
 677              	.LASF12:
 678 01c2 75696E74 		.ascii	"uint8\000"
 678      3800
 679              	.LASF4:
 680 01c8 6C6F6E67 		.ascii	"long int\000"
 680      20696E74 
 680      00
 681              	.LASF0:
 682 01d1 7369676E 		.ascii	"signed char\000"
 682      65642063 
 682      68617200 
 683              	.LASF14:
 684 01dd 50415241 		.ascii	"PARALLEL_OUT_Write\000"
 684      4C4C454C 
 684      5F4F5554 
 684      5F577269 
 684      746500
 685              	.LASF21:
ARM GAS  C:\Users\pearlstl\AppData\Local\Temp\cc0BGPOu.s 			page 17


 686 01f0 47656E65 		.ascii	"Generated_Source\\PSoC5\\PARALLEL_OUT.c\000"
 686      72617465 
 686      645F536F 
 686      75726365 
 686      5C50536F 
 687              		.ident	"GCC: (GNU Tools for ARM Embedded Processors) 5.4.1 20160609 (release) [ARM/embedded-5-bran
